0, position, 0.000000,0.500000,0.000000, orientation, 1.000000,0.000000,0.000000,0.000000, input, 0,0,0,0,0, replaying, 0
1, position, 0.000000,0.499544,0.000000, orientation, 1.000000,0.000000,0.000000,0.000000, input, 0,0,0,0,0, replaying, 0
2, position, -0.000000,0.498422,0.000000, orientation, 1.000000,0.000000,-0.000000,0.000000, input, 0,0,0,0,0, replaying, 0
3, position, -0.000000,0.496916,0.000000, orientation, 1.000000,0.000000,-0.000000,0.000000, input, 0,0,0,0,0, replaying, 0
4, position, -0.000000,0.495204,0.000000, orientation, 1.000000,-0.000000,0.000000,-0.000000, input, 0,0,0,0,0, replaying, 0
5, position, -0.000000,0.493411,0.000000, orientation, 1.000000,-0.000000,0.000000,0.000000, input, 0,0,0,0,0, replaying, 0
6, position, -0.000000,0.491622,0.000000, orientation, 1.000000,0.000000,-0.000000,0.000000, input, 0,0,0,0,0, replaying, 0
7, position, -0.000000,0.489896,0.000000, orientation, 1.000000,0.000000,0.000000,0.000000, input, 0,0,0,0,0, replaying, 0
8, position, -0.000000,0.488268,0.000000, orientation, 1.000000,0.000000,0.000000,0.000000, input, 0,0,0,0,0, replaying, 0
9, position, -0.000000,0.486761,0.000000, orientation, 1.000000,0.000000,0.000000,0.000000, input, 0,0,0,0,0, replaying, 0
10, position, -0.000000,0.485384,0.000000, orientation, 1.000000,0.000000,0.000000,0.000000, input, 0,0,0,0,0, replaying, 0
11, position, -0.000000,0.484139,0.000000, orientation, 1.000000,0.000000,0.000000,0.000000, input, 0,0,0,0,0, replaying, 0
12, position, -0.000000,0.483024,0.000000, orientation, 1.000000,0.000000,0.000000,0.000000, input, 0,0,0,0,0, replaying, 0
13, position, -0.000000,0.482032,0.000000, orientation, 1.000000,0.000000,-0.000000,0.000000, input, 0,0,0,0,0, replaying, 0
14, position, -0.000000,0.481155,0.000000, orientation, 1.000000,0.000000,-0.000000,0.000000, input, 0,0,0,0,0, replaying, 0
15, position, -0.000000,0.480384,0.000000, orientation, 1.000000,0.000000,-0.000000,0.000000, input, 0,0,0,0,0, replaying, 0
16, position, -0.000000,0.479709,0.000000, orientation, 1.000000,0.000000,-0.000000,0.000000, input, 0,0,0,0,0, replaying, 0
17, position, -0.000000,0.479120,0.000000, orientation, 1.000000,0.000000,-0.000000,0.000000, input, 0,0,0,0,0, replaying, 0
18, position, -0.000000,0.478609,0.000000, orientation, 1.000000,0.000000,-0.000000,0.000000, input, 0,0,0,0,0, replaying, 0
19, position, -0.000000,0.478165,0.000000, orientation, 1.000000,0.000000,-0.000000,0.000000, input, 0,0,0,0,0, replaying, 0
20, position, -0.000000,0.477782,0.000000, orientation, 1.000000,0.000000,-0.000000,0.000000, input, 0,0,0,0,0, replaying, 0
21, position, -0.000000,0.477451,0.000000, orientation, 1.000000,0.000000,-0.000000,0.000000, input, 0,0,0,0,0, replaying, 0
22, position, -0.000000,0.477167,0.000000, orientation, 1.000000,0.000000,-0.000000,0.000000, input, 0,0,0,0,0, replaying, 0
23, position, -0.000000,0.476922,0.000000, orientation, 1.000000,0.000000,-0.000000,0.000000, input, 0,0,0,0,0, replaying, 0
24, position, -0.000000,0.476712,0.000000, orientation, 1.000000,0.000000,-0.000000,0.000000, input, 0,0,0,0,0, replaying, 0
25, position, -0.000000,0.476533,0.000000, orientation, 1.000000,0.000000,-0.000000,0.000000, input, 0,0,0,0,0, replaying, 0
26, position, -0.000000,0.476379,0.000000, orientation, 1.000000,0.000000,-0.000000,0.000000, input, 0,0,0,0,0, replaying, 0
27, position, -0.000000,0.476247,0.000000, orientation, 1.000000,0.000000,-0.000000,0.000000, input, 0,0,0,0,0, replaying, 0
28, position, -0.000000,0.476135,0.000000, orientation, 1.000000,0.000000,-0.000000,0.000000, input, 0,0,0,0,0, replaying, 0
29, position, -0.000000,0.476040,0.000000, orientation, 1.000000,0.000000,-0.000000,0.000000, input, 0,0,0,0,0, replaying, 0
30, position, -0.000000,0.475958,0.000000, orientation, 1.000000,0.000000,-0.000000,0.000000, input, 0,0,0,0,0, replaying, 0
31, position, -0.000000,0.475889,0.000000, orientation, 1.000000,0.000000,-0.000000,0.000000, input, 0,0,0,0,0, replaying, 0
32, position, -0.000000,0.475830,0.000000, orientation, 1.000000,0.000000,-0.000000,0.000000, input, 0,0,0,0,0, replaying, 0
33, position, -0.000000,0.475779,0.000000, orientation, 1.000000,0.000000,-0.000000,0.000000, input, 0,0,0,0,0, replaying, 0
34, position, -0.000000,0.475737,0.000000, orientation, 1.000000,0.000000,-0.000000,0.000000, input, 0,0,0,0,0, replaying, 0
35, position, -0.000000,0.475701,0.000000, orientation, 1.000000,0.000000,-0.000000,0.000000, input, 0,0,0,0,0, replaying, 0
36, position, -0.000000,0.475670,0.000000, orientation, 1.000000,0.000000,-0.000000,0.000000, input, 0,0,0,0,0, replaying, 0
37, position, -0.000000,0.475644,0.000000, orientation, 1.000000,0.000000,-0.000000,0.000000, input, 0,0,0,0,0, replaying, 0
38, position, -0.000000,0.475622,0.000000, orientation, 1.000000,0.000000,-0.000000,0.000000, input, 0,0,0,0,0, replaying, 0
39, position, -0.000000,0.475603,0.000000, orientation, 1.000000,0.000000,-0.000000,0.000000, input, 0,0,0,0,0, replaying, 0
40, position, -0.000000,0.475587,0.000000, orientation, 1.000000,0.000000,-0.000000,0.000000, input, 0,0,0,0,0, replaying, 0
41, position, -0.000000,0.475574,0.000000, orientation, 1.000000,0.000000,-0.000000,0.000000, input, 0,0,0,0,0, replaying, 0
42, position, -0.000000,0.475562,0.000000, orientation, 1.000000,0.000000,-0.000000,0.000000, input, 0,0,0,0,0, replaying, 0
43, position, -0.000000,0.475553,0.000000, orientation, 1.000000,0.000000,-0.000000,0.000000, input, 0,0,0,0,0, replaying, 0
44, position, -0.000000,0.475544,0.000000, orientation, 1.000000,0.000000,-0.000000,0.000000, input, 0,0,0,0,0, replaying, 0
45, position, -0.000000,0.475538,0.000000, orientation, 1.000000,0.000000,-0.000000,0.000000, input, 0,0,0,0,0, replaying, 0
46, position, -0.000000,0.475532,0.000000, orientation, 1.000000,0.000000,-0.000000,0.000000, input, 0,0,0,0,0, replaying, 0
47, position, -0.000000,0.475527,0.000000, orientation, 1.000000,0.000000,-0.000000,0.000000, input, 0,0,0,0,0, replaying, 0
48, position, -0.000000,0.475523,0.000000, orientation, 1.000000,0.000000,-0.000000,0.000000, input, 0,0,0,0,0, replaying, 0
49, position, -0.000000,0.475519,0.000000, orientation, 1.000000,0.000000,-0.000000,0.000000, input, 0,0,0,0,0, replaying, 0
50, position, -0.000000,0.475516,0.000000, orientation, 1.000000,0.000000,-0.000000,0.000000, input, 0,0,0,0,1, replaying, 0
51, position, -0.000000,0.480407,0.000000, orientation, 1.000000,0.000000,-0.000000,0.000000, input, 0,0,0,0,1, replaying, 0
52, position, -0.000000,0.494557,0.000000, orientation, 1.000000,0.000000,-0.000000,0.000000, input, 0,0,0,0,0, replaying, 0
53, position, -0.000000,0.512572,0.000000, orientation, 1.000000,0.000000,-0.000000,0.000000, input, 0,0,0,0,0, replaying, 0
54, position, -0.000000,0.529606,0.000000, orientation, 1.000000,0.000000,-0.000000,0.000000, input, 0,0,0,0,0, replaying, 0
55, position, -0.000000,0.545661,0.000000, orientation, 1.000000,0.000000,-0.000000,0.000000, input, 0,0,0,0,0, replaying, 0
56, position, -0.000000,0.560735,0.000000, orientation, 1.000000,0.000000,-0.000000,0.000000, input, 0,0,0,0,0, replaying, 0
57, position, -0.000000,0.574829,0.000000, orientation, 1.000000,0.000000,-0.000000,0.000000, input, 0,0,0,0,0, replaying, 0
58, position, -0.000000,0.587943,0.000000, orientation, 1.000000,0.000000,-0.000000,0.000000, input, 0,0,0,0,0, replaying, 0
59, position, -0.000000,0.600076,0.000000, orientation, 1.000000,0.000000,-0.000000,0.000000, input, 0,0,0,0,0, replaying, 0
60, position, -0.000000,0.611230,0.000000, orientation, 1.000000,0.000000,-0.000000,0.000000, input, 0,0,0,0,0, replaying, 0
61, position, -0.000000,0.621404,0.000000, orientation, 1.000000,0.000000,-0.000000,0.000000, input, 0,0,0,0,0, replaying, 0
62, position, -0.000000,0.630597,0.000000, orientation, 1.000000,0.000000,-0.000000,0.000000, input, 0,0,0,0,0, replaying, 0
63, position, -0.000000,0.638810,0.000000, orientation, 1.000000,0.000000,-0.000000,0.000000, input, 0,0,0,0,0, replaying, 0
64, position, -0.000000,0.646044,0.000000, orientation, 1.000000,0.000000,-0.000000,0.000000, input, 0,0,0,0,0, replaying, 0
65, position, -0.000000,0.652297,0.000000, orientation, 1.000000,0.000000,-0.000000,0.000000, input, 0,0,0,0,0, replaying, 0
66, position, -0.000000,0.657570,0.000000, orientation, 1.000000,0.000000,-0.000000,0.000000, input, 0,0,0,0,0, replaying, 0
67, position, -0.000000,0.661863,0.000000, orientation, 1.000000,0.000000,-0.000000,0.000000, input, 0,0,0,0,0, replaying, 0
68, position, -0.000000,0.665176,0.000000, orientation, 1.000000,0.000000,-0.000000,-0.000000, input, 0,0,0,0,0, replaying, 0
69, position, -0.000000,0.667509,0.000000, orientation, 1.000000,0.000000,-0.000000,-0.000000, input, 0,0,0,0,0, replaying, 0
70, position, -0.000000,0.668862,0.000000, orientation, 1.000000,0.000000,-0.000000,-0.000000, input, 0,0,0,0,0, replaying, 0
71, position, -0.000000,0.669235,0.000000, orientation, 1.000000,0.000000,-0.000000,-0.000000, input, 0,0,0,0,0, replaying, 0
72, position, -0.000000,0.668628,0.000000, orientation, 1.000000,0.000000,-0.000000,-0.000000, input, 0,0,0,0,0, replaying, 0
73, position, -0.000000,0.667041,0.000000, orientation, 1.000000,0.000000,-0.000000,-0.000000, input, 0,0,0,0,0, replaying, 0
74, position, -0.000000,0.664474,0.000000, orientation, 1.000000,0.000000,-0.000000,-0.000000, input, 0,0,0,0,0, replaying, 0
75, position, -0.000000,0.660927,0.000000, orientation, 1.000000,0.000000,-0.000000,-0.000000, input, 0,0,0,0,0, replaying, 0
76, position, -0.000000,0.656400,0.000000, orientation, 1.000000,0.000000,-0.000000,-0.000000, input, 0,0,0,0,0, replaying, 0
77, position, -0.000000,0.650893,0.000000, orientation, 1.000000,0.000000,-0.000000,-0.000000, input, 0,0,0,0,0, replaying, 0
78, position, -0.000000,0.644406,0.000000, orientation, 1.000000,0.000000,-0.000000,-0.000000, input, 0,0,0,0,0, replaying, 0
79, position, -0.000000,0.636940,0.000000, orientation, 1.000000,0.000000,-0.000000,-0.000000, input, 0,0,0,0,0, replaying, 0
80, position, -0.000000,0.628493,0.000000, orientation, 1.000000,0.000000,-0.000000,-0.000000, input, 0,0,0,0,0, replaying, 0
81, position, -0.000000,0.619066,0.000000, orientation, 1.000000,0.000000,-0.000000,-0.000000, input, 0,0,0,0,0, replaying, 0
82, position, -0.000000,0.608660,0.000000, orientation, 1.000000,0.000000,-0.000000,-0.000000, input, 0,0,0,0,0, replaying, 0
83, position, -0.000000,0.597274,0.000000, orientation, 1.000000,0.000000,-0.000000,-0.000000, input, 0,0,0,0,0, replaying, 0
84, position, -0.000000,0.584907,0.000000, orientation, 1.000000,0.000000,-0.000000,-0.000000, input, 0,0,0,0,0, replaying, 0
85, position, -0.000000,0.571561,0.000000, orientation, 1.000000,0.000000,-0.000000,-0.000000, input, 0,0,0,0,0, replaying, 0
86, position, -0.000000,0.557235,0.000000, orientation, 1.000000,0.000000,-0.000000,-0.000000, input, 0,0,0,0,0, replaying, 0
87, position, -0.000000,0.541929,0.000000, orientation, 1.000000,0.000000,-0.000000,-0.000000, input, 0,0,0,0,0, replaying, 0
88, position, -0.000000,0.525644,0.000000, orientation, 1.000000,0.000000,-0.000000,-0.000000, input, 0,0,0,0,0, replaying, 0
89, position, 0.000000,0.508378,0.000000, orientation, 1.000000,0.000000,-0.000000,-0.000000, input, 0,0,0,0,0, replaying, 0
90, position, 0.000000,0.492331,0.000000, orientation, 1.000000,0.000000,-0.000000,-0.000000, input, 0,0,0,0,0, replaying, 0
91, position, 0.000000,0.481046,0.000000, orientation, 1.000000,0.000000,-0.000000,-0.000000, input, 0,0,0,0,0, replaying, 0
92, position, 0.000000,0.473328,0.000000, orientation, 1.000000,0.000000,-0.000000,-0.000000, input, 0,0,0,0,0, replaying, 0
93, position, 0.000000,0.468253,0.000000, orientation, 1.000000,0.000000,-0.000000,-0.000000, input, 0,0,0,0,0, replaying, 0
94, position, 0.000000,0.465110,0.000000, orientation, 1.000000,0.000000,-0.000000,-0.000000, input, 0,0,0,0,0, replaying, 0
95, position, 0.000000,0.463358,0.000000, orientation, 1.000000,0.000000,-0.000000,-0.000000, input, 0,0,0,0,0, replaying, 0
96, position, 0.000000,0.462589,0.000000, orientation, 1.000000,0.000000,-0.000000,-0.000000, input, 0,0,0,0,0, replaying, 0
97, position, 0.000000,0.462501,0.000000, orientation, 1.000000,0.000000,-0.000000,-0.000000, input, 0,0,0,0,0, replaying, 0
98, position, 0.000000,0.462940,-0.000000, orientation, 1.000000,0.000000,0.000000,-0.000000, input, 0,0,0,0,0, replaying, 0
99, position, 0.000000,0.463875,-0.000000, orientation, 1.000000,0.000000,0.000000,-0.000000, input, 0,0,0,0,0, replaying, 0
100, position, 0.000000,0.465265,-0.000000, orientation, 1.000000,0.000000,0.000000,-0.000000, input, 0,0,0,0,0, replaying, 0
101, position, 0.000000,0.467052,-0.000000, orientation, 1.000000,0.000000,0.000000,-0.000000, input, 0,0,0,0,0, replaying, 0
102, position, 0.000000,0.469163,-0.000000, orientation, 1.000000,-0.000000,0.000000,-0.000000, input, 0,0,0,0,1, replaying, 0
103, position, 0.000000,0.476348,-0.000000, orientation, 1.000000,-0.000000,0.000000,-0.000000, input, 0,0,0,0,1, replaying, 0
104, position, 0.000000,0.492821,-0.000000, orientation, 1.000000,-0.000000,0.000000,-0.000000, input, 0,0,0,0,0, replaying, 0
105, position, 0.000000,0.513154,-0.000000, orientation, 1.000000,-0.000000,0.000000,-0.000000, input, 0,0,0,0,0, replaying, 0
106, position, 0.000000,0.532507,-0.000000, orientation, 1.000000,-0.000000,0.000000,-0.000000, input, 0,0,0,0,0, replaying, 0
107, position, 0.000000,0.550880,-0.000000, orientation, 1.000000,-0.000000,0.000000,-0.000000, input, 0,0,0,0,0, replaying, 0
108, position, 0.000000,0.568272,-0.000000, orientation, 1.000000,-0.000000,0.000000,-0.000000, input, 0,0,0,0,0, replaying, 0
109, position, 0.000000,0.584685,-0.000000, orientation, 1.000000,-0.000000,0.000000,-0.000000, input, 0,0,0,0,0, replaying, 0
110, position, 0.000000,0.600117,-0.000000, orientation, 1.000000,-0.000000,0.000000,-0.000000, input, 0,0,0,0,0, replaying, 0
111, position, 0.000000,0.614569,-0.000000, orientation, 1.000000,-0.000000,0.000000,-0.000000, input, 0,0,0,0,0, replaying, 0
112, position, 0.000000,0.628041,-0.000000, orientation, 1.000000,-0.000000,0.000000,-0.000000, input, 0,0,0,0,0, replaying, 0
113, position, 0.000000,0.640532,-0.000000, orientation, 1.000000,-0.000000,0.000000,-0.000000, input, 0,0,0,0,0, replaying, 0
114, position, 0.000000,0.652044,-0.000000, orientation, 1.000000,-0.000000,0.000000,-0.000000, input, 0,0,0,0,0, replaying, 0
115, position, 0.000000,0.662575,-0.000000, orientation, 1.000000,-0.000000,0.000000,-0.000000, input, 0,0,0,0,0, replaying, 0
116, position, 0.000000,0.672127,-0.000000, orientation, 1.000000,-0.000000,0.000000,-0.000000, input, 0,0,0,0,0, replaying, 0
117, position, 0.000000,0.680698,-0.000000, orientation, 1.000000,-0.000000,0.000000,-0.000000, input, 0,0,0,0,0, replaying, 0
118, position, 0.000000,0.688289,-0.000000, orientation, 1.000000,-0.000000,0.000000,-0.000000, input, 0,0,0,0,0, replaying, 0
119, position, 0.000000,0.694900,-0.000000, orientation, 1.000000,-0.000000,0.000000,-0.000000, input, 0,0,0,0,0, replaying, 0
120, position, 0.000000,0.700531,-0.000000, orientation, 1.000000,-0.000000,0.000000,-0.000000, input, 0,0,0,0,0, replaying, 0
121, position, 0.000000,0.705182,-0.000000, orientation, 1.000000,-0.000000,0.000000,-0.000000, input, 0,0,0,0,0, replaying, 0
122, position, 0.000000,0.708853,-0.000000, orientation, 1.000000,-0.000000,0.000000,-0.000000, input, 0,0,0,0,0, replaying, 0
123, position, 0.000000,0.711544,-0.000000, orientation, 1.000000,-0.000000,0.000000,-0.000000, input, 0,0,0,0,0, replaying, 0
124, position, 0.000000,0.713255,-0.000000, orientation, 1.000000,-0.000000,0.000000,-0.000000, input, 0,0,0,0,0, replaying, 0
125, position, 0.000000,0.713986,-0.000000, orientation, 1.000000,-0.000000,0.000000,-0.000000, input, 0,0,0,0,0, replaying, 0
126, position, 0.000000,0.713737,-0.000000, orientation, 1.000000,-0.000000,0.000000,-0.000000, input, 0,0,0,0,0, replaying, 0
127, position, 0.000000,0.712508,-0.000000, orientation, 1.000000,-0.000000,0.000000,-0.000000, input, 0,0,0,0,0, replaying, 0
128, position, 0.000000,0.710299,-0.000000, orientation, 1.000000,-0.000000,0.000000,-0.000000, input, 0,0,0,0,0, replaying, 0
129, position, 0.000000,0.707110,-0.000000, orientation, 1.000000,-0.000000,0.000000,-0.000000, input, 0,0,0,0,0, replaying, 0
130, position, 0.000000,0.702941,-0.000000, orientation, 1.000000,-0.000000,0.000000,-0.000000, input, 0,0,0,0,0, replaying, 0
131, position, 0.000000,0.697792,-0.000000, orientation, 1.000000,-0.000000,0.000000,-0.000000, input, 0,0,0,0,0, replaying, 0
132, position, 0.000000,0.691663,-0.000000, orientation, 1.000000,-0.000000,0.000000,-0.000000, input, 0,0,0,0,0, replaying, 0
133, position, 0.000000,0.684554,-0.000000, orientation, 1.000000,-0.000000,0.000000,-0.000000, input, 0,0,0,0,0, replaying, 0
134, position, 0.000000,0.676466,-0.000000, orientation, 1.000000,-0.000000,0.000000,-0.000000, input, 0,0,0,0,0, replaying, 0
135, position, 0.000000,0.667397,-0.000000, orientation, 1.000000,-0.000000,0.000000,-0.000000, input, 0,0,0,0,0, replaying, 0
136, position, 0.000000,0.657348,-0.000000, orientation, 1.000000,-0.000000,0.000000,-0.000000, input, 0,0,0,0,0, replaying, 0
137, position, 0.000000,0.646320,-0.000000, orientation, 1.000000,-0.000000,0.000000,-0.000000, input, 0,0,0,0,0, replaying, 0
138, position, 0.000000,0.634311,-0.000000, orientation, 1.000000,-0.000000,0.000000,-0.000000, input, 0,0,0,0,0, replaying, 0
139, position, 0.000000,0.621323,-0.000000, orientation, 1.000000,-0.000000,0.000000,-0.000000, input, 0,0,0,0,0, replaying, 0
140, position, 0.000000,0.607355,-0.000000, orientation, 1.000000,-0.000000,0.000000,-0.000000, input, 0,0,0,0,0, replaying, 0
141, position, 0.000000,0.592407,-0.000000, orientation, 1.000000,-0.000000,0.000000,-0.000000, input, 0,0,0,0,0, replaying, 0
142, position, 0.000000,0.576479,-0.000000, orientation, 1.000000,-0.000000,0.000000,-0.000000, input, 0,0,0,0,0, replaying, 0
143, position, 0.000000,0.559572,-0.000000, orientation, 1.000000,-0.000000,0.000000,-0.000000, input, 0,0,0,0,0, replaying, 0
144, position, 0.000000,0.541684,-0.000000, orientation, 1.000000,-0.000000,0.000000,-0.000000, input, 0,0,0,0,0, replaying, 0
145, position, 0.000000,0.522817,-0.000000, orientation, 1.000000,-0.000000,0.000000,-0.000000, input, 0,0,0,0,0, replaying, 0
146, position, 0.000000,0.502970,-0.000000, orientation, 1.000000,-0.000000,0.000000,-0.000000, input, 0,0,0,0,0, replaying, 0
147, position, 0.000000,0.484738,-0.000000, orientation, 1.000000,-0.000000,0.000000,-0.000000, input, 0,0,0,0,0, replaying, 0
148, position, 0.000000,0.472262,-0.000000, orientation, 1.000000,-0.000000,0.000000,0.000000, input, 0,0,0,0,0, replaying, 0
149, position, 0.000000,0.464050,-0.000000, orientation, 1.000000,-0.000000,0.000000,0.000000, input, 0,0,0,0,0, replaying, 0
150, position, 0.000000,0.458960,-0.000000, orientation, 1.000000,-0.000000,0.000000,0.000000, input, 0,0,0,0,0, replaying, 0
151, position, 0.000000,0.456116,-0.000000, orientation, 1.000000,-0.000000,0.000000,0.000000, input, 0,0,0,0,0, replaying, 0
152, position, 0.000000,0.454861,-0.000000, orientation, 1.000000,-0.000000,0.000000,0.000000, input, 0,0,0,0,1, replaying, 0
153, position, 0.000000,0.459577,-0.000000, orientation, 1.000000,-0.000000,0.000000,0.000000, input, 0,0,0,0,1, replaying, 0
154, position, 0.000000,0.474332,-0.000000, orientation, 1.000000,-0.000000,0.000000,0.000000, input, 0,0,0,0,0, replaying, 0
155, position, 0.000000,0.493622,-0.000000, orientation, 1.000000,-0.000000,0.000000,0.000000, input, 0,0,0,0,0, replaying, 0
156, position, 0.000000,0.512201,-0.000000, orientation, 1.000000,-0.000000,0.000000,-0.000000, input, 0,0,0,0,0, replaying, 0
157, position, 0.000000,0.529800,-0.000000, orientation, 1.000000,0.000000,0.000000,-0.000000, input, 0,0,0,0,0, replaying, 0
158, position, 0.000000,0.546419,-0.000000, orientation, 1.000000,0.000000,0.000000,-0.000000, input, 0,0,0,0,0, replaying, 0
159, position, 0.000000,0.562057,-0.000000, orientation, 1.000000,0.000000,0.000000,-0.000000, input, 0,0,0,0,0, replaying, 0
160, position, 0.000000,0.576716,-0.000000, orientation, 1.000000,0.000000,0.000000,-0.000000, input, 0,0,0,0,0, replaying, 0
161, position, 0.000000,0.590394,-0.000000, orientation, 1.000000,0.000000,0.000000,-0.000000, input, 0,0,0,0,0, replaying, 0
162, position, 0.000000,0.603093,-0.000000, orientation, 1.000000,0.000000,0.000000,-0.000000, input, 0,0,0,0,0, replaying, 0
163, position, 0.000000,0.614811,-0.000000, orientation, 1.000000,0.000000,0.000000,-0.000000, input, 0,0,0,0,0, replaying, 0
164, position, 0.000000,0.625549,-0.000000, orientation, 1.000000,0.000000,0.000000,-0.000000, input, 0,0,0,0,0, replaying, 0
165, position, 0.000000,0.635307,-0.000000, orientation, 1.000000,0.000000,0.000000,-0.000000, input, 0,0,0,0,0, replaying, 0
166, position, 0.000000,0.644085,-0.000000, orientation, 1.000000,0.000000,0.000000,-0.000000, input, 0,0,0,0,0, replaying, 0
167, position, 0.000000,0.651882,-0.000000, orientation, 1.000000,0.000000,0.000000,-0.000000, input, 0,0,0,0,0, replaying, 0
168, position, 0.000000,0.658700,-0.000000, orientation, 1.000000,0.000000,0.000000,-0.000000, input, 0,0,0,0,0, replaying, 0
169, position, 0.000000,0.664538,-0.000000, orientation, 1.000000,0.000000,0.000000,-0.000000, input, 0,0,0,0,0, replaying, 0
170, position, 0.000000,0.669395,0.000000, orientation, 1.000000,0.000000,0.000000,-0.000000, input, 0,0,0,0,0, replaying, 0
171, position, 0.000000,0.673273,0.000000, orientation, 1.000000,0.000000,0.000000,-0.000000, input, 0,0,0,0,0, replaying, 0
172, position, 0.000000,0.676170,0.000000, orientation, 1.000000,0.000000,0.000000,-0.000000, input, 0,0,0,0,0, replaying, 0
173, position, 0.000000,0.678088,0.000000, orientation, 1.000000,0.000000,0.000000,-0.000000, input, 0,0,0,0,0, replaying, 0
174, position, 0.000000,0.679025,0.000000, orientation, 1.000000,0.000000,0.000000,-0.000000, input, 0,0,0,0,0, replaying, 0
175, position, 0.000000,0.678983,0.000000, orientation, 1.000000,0.000000,0.000000,-0.000000, input, 0,0,0,0,0, replaying, 0
176, position, 0.000000,0.677960,0.000000, orientation, 1.000000,0.000000,0.000000,-0.000000, input, 0,0,0,0,0, replaying, 0
177, position, 0.000000,0.675958,0.000000, orientation, 1.000000,0.000000,0.000000,-0.000000, input, 0,0,0,0,0, replaying, 0
178, position, 0.000000,0.672975,0.000000, orientation, 1.000000,0.000000,0.000000,-0.000000, input, 0,0,0,0,0, replaying, 0
179, position, 0.000000,0.669013,0.000000, orientation, 1.000000,0.000000,0.000000,-0.000000, input, 0,0,0,0,0, replaying, 0
180, position, 0.000000,0.664070,0.000000, orientation, 1.000000,0.000000,0.000000,-0.000000, input, 0,0,0,0,0, replaying, 0
181, position, 0.000000,0.658148,0.000000, orientation, 1.000000,0.000000,0.000000,-0.000000, input, 0,0,0,0,0, replaying, 0
182, position, 0.000000,0.651245,0.000000, orientation, 1.000000,0.000000,0.000000,-0.000000, input, 0,0,0,0,0, replaying, 0
183, position, 0.000000,0.643363,0.000000, orientation, 1.000000,0.000000,0.000000,-0.000000, input, 0,0,0,0,0, replaying, 0
184, position, 0.000000,0.634501,0.000000, orientation, 1.000000,0.000000,0.000000,-0.000000, input, 0,0,0,0,0, replaying, 0
185, position, 0.000000,0.624659,0.000000, orientation, 1.000000,0.000000,0.000000,-0.000000, input, 0,0,0,0,0, replaying, 0
186, position, 0.000000,0.613837,0.000000, orientation, 1.000000,0.000000,0.000000,-0.000000, input, 0,0,0,0,0, replaying, 0
187, position, 0.000000,0.602035,0.000000, orientation, 1.000000,0.000000,0.000000,-0.000000, input, 0,0,0,0,0, replaying, 0
188, position, 0.000000,0.589254,0.000000, orientation, 1.000000,0.000000,0.000000,-0.000000, input, 0,0,0,0,0, replaying, 0
189, position, 0.000000,0.575492,0.000000, orientation, 1.000000,0.000000,0.000000,-0.000000, input, 0,0,0,0,0, replaying, 0
190, position, 0.000000,0.560750,0.000000, orientation, 1.000000,0.000000,0.000000,-0.000000, input, 0,0,0,0,0, replaying, 0
191, position, 0.000000,0.545029,0.000000, orientation, 1.000000,0.000000,0.000000,-0.000000, input, 0,0,0,0,0, replaying, 0
192, position, 0.000000,0.528328,0.000000, orientation, 1.000000,0.000000,0.000000,-0.000000, input, 0,0,0,0,0, replaying, 0
193, position, 0.000000,0.510647,0.000000, orientation, 1.000000,0.000000,0.000000,-0.000000, input, 0,0,0,0,0, replaying, 0
194, position, 0.000000,0.491986,0.000000, orientation, 1.000000,0.000000,0.000000,-0.000000, input, 0,0,0,0,0, replaying, 0
195, position, 0.000000,0.477131,0.000000, orientation, 1.000000,0.000000,0.000000,-0.000000, input, 0,0,0,0,0, replaying, 0
196, position, 0.000000,0.467163,0.000000, orientation, 1.000000,0.000000,0.000000,-0.000000, input, 0,0,0,0,0, replaying, 0
197, position, 0.000000,0.460798,0.000000, orientation, 1.000000,0.000000,0.000000,-0.000000, input, 0,0,0,0,0, replaying, 0
198, position, 0.000000,0.457045,0.000000, orientation, 1.000000,0.000000,0.000000,-0.000000, input, 0,0,0,0,0, replaying, 0
199, position, 0.000000,0.455155,0.000000, orientation, 1.000000,0.000000,0.000000,-0.000000, input, 0,0,0,0,0, replaying, 0
200, position, 0.000000,0.454565,0.000000, orientation, 1.000000,0.000000,0.000000,-0.000000, input, 0,0,0,0,0, replaying, 0
201, position, 0.000000,0.454898,0.000000, orientation, 1.000000,0.000000,0.000000,-0.000000, input, 0,0,0,0,0, replaying, 0
202, position, 0.000000,0.456046,0.000000, orientation, 1.000000,0.000000,0.000000,-0.000000, input, 0,0,0,0,1, replaying, 0
203, position, -0.000000,0.462800,0.000000, orientation, 1.000000,0.000000,0.000000,-0.000000, input, 0,0,0,0,1, replaying, 0
204, position, -0.000000,0.479360,0.000000, orientation, 1.000000,0.000000,0.000000,-0.000000, input, 0,0,0,0,0, replaying, 0
205, position, -0.000000,0.500223,0.000000, orientation, 1.000000,0.000000,0.000000,-0.000000, input, 0,0,0,0,0, replaying, 0
206, position, -0.000000,0.520226,-0.000000, orientation, 1.000000,0.000000,0.000000,0.000000, input, 0,0,0,0,0, replaying, 0
207, position, -0.000000,0.539249,-0.000000, orientation, 1.000000,-0.000000,0.000000,0.000000, input, 0,0,0,0,0, replaying, 0
208, position, -0.000000,0.557291,-0.000000, orientation, 1.000000,-0.000000,0.000000,0.000000, input, 0,0,0,0,0, replaying, 0
209, position, -0.000000,0.574354,-0.000000, orientation, 1.000000,-0.000000,0.000000,0.000000, input, 0,0,0,0,0, replaying, 0
210, position, -0.000000,0.590436,-0.000000, orientation, 1.000000,-0.000000,0.000000,0.000000, input, 0,0,0,0,0, replaying, 0
211, position, -0.000000,0.605538,-0.000000, orientation, 1.000000,-0.000000,0.000000,0.000000, input, 0,0,0,0,0, replaying, 0
212, position, -0.000000,0.619660,-0.000000, orientation, 1.000000,-0.000000,0.000000,0.000000, input, 0,0,0,0,0, replaying, 0
213, position, -0.000000,0.632802,-0.000000, orientation, 1.000000,-0.000000,0.000000,0.000000, input, 0,0,0,0,0, replaying, 0
214, position, -0.000000,0.644963,-0.000000, orientation, 1.000000,-0.000000,0.000000,0.000000, input, 0,0,0,0,0, replaying, 0
215, position, -0.000000,0.656145,-0.000000, orientation, 1.000000,-0.000000,0.000000,0.000000, input, 0,0,0,0,0, replaying, 0
216, position, -0.000000,0.666346,-0.000000, orientation, 1.000000,-0.000000,0.000000,0.000000, input, 0,0,0,0,0, replaying, 0
217, position, -0.000000,0.675568,-0.000000, orientation, 1.000000,-0.000000,0.000000,0.000000, input, 0,0,0,0,0, replaying, 0
218, position, -0.000000,0.683809,-0.000000, orientation, 1.000000,-0.000000,0.000000,0.000000, input, 0,0,0,0,0, replaying, 0
219, position, -0.000000,0.691070,-0.000000, orientation, 1.000000,-0.000000,0.000000,0.000000, input, 0,0,0,0,0, replaying, 0
220, position, -0.000000,0.697351,-0.000000, orientation, 1.000000,-0.000000,0.000000,0.000000, input, 0,0,0,0,0, replaying, 0
221, position, -0.000000,0.702653,-0.000000, orientation, 1.000000,-0.000000,0.000000,0.000000, input, 0,0,0,0,0, replaying, 0
222, position, -0.000000,0.706974,-0.000000, orientation, 1.000000,-0.000000,0.000000,0.000000, input, 0,0,0,0,0, replaying, 0
223, position, -0.000000,0.710315,-0.000000, orientation, 1.000000,-0.000000,0.000000,0.000000, input, 0,0,0,0,0, replaying, 0
224, position, -0.000000,0.712676,-0.000000, orientation, 1.000000,-0.000000,0.000000,0.000000, input, 0,0,0,0,0, replaying, 0
225, position, -0.000000,0.714056,-0.000000, orientation, 1.000000,-0.000000,0.000000,0.000000, input, 0,0,0,0,0, replaying, 0
226, position, -0.000000,0.714457,-0.000000, orientation, 1.000000,-0.000000,0.000000,0.000000, input, 0,0,0,0,0, replaying, 0
227, position, -0.000000,0.713878,-0.000000, orientation, 1.000000,-0.000000,0.000000,0.000000, input, 0,0,0,0,0, replaying, 0
228, position, -0.000000,0.712319,-0.000000, orientation, 1.000000,-0.000000,0.000000,0.000000, input, 0,0,0,0,0, replaying, 0
229, position, -0.000000,0.709780,-0.000000, orientation, 1.000000,-0.000000,0.000000,0.000000, input, 0,0,0,0,0, replaying, 0
230, position, -0.000000,0.706261,-0.000000, orientation, 1.000000,-0.000000,0.000000,0.000000, input, 0,0,0,0,0, replaying, 0
231, position, -0.000000,0.701762,-0.000000, orientation, 1.000000,-0.000000,0.000000,0.000000, input, 0,0,0,0,0, replaying, 0
232, position, -0.000000,0.696283,-0.000000, orientation, 1.000000,-0.000000,0.000000,0.000000, input, 0,0,0,0,0, replaying, 0
233, position, -0.000000,0.689824,-0.000000, orientation, 1.000000,-0.000000,0.000000,0.000000, input, 0,0,0,0,0, replaying, 0
234, position, -0.000000,0.682386,-0.000000, orientation, 1.000000,-0.000000,0.000000,0.000000, input, 0,0,0,0,0, replaying, 0
235, position, -0.000000,0.673967,-0.000000, orientation, 1.000000,-0.000000,0.000000,0.000000, input, 0,0,0,0,0, replaying, 0
236, position, -0.000000,0.664568,-0.000000, orientation, 1.000000,-0.000000,0.000000,0.000000, input, 0,0,0,0,0, replaying, 0
237, position, -0.000000,0.654190,-0.000000, orientation, 1.000000,-0.000000,0.000000,0.000000, input, 0,0,0,0,0, replaying, 0
238, position, -0.000000,0.642831,-0.000000, orientation, 1.000000,-0.000000,0.000000,0.000000, input, 0,0,0,0,0, replaying, 0
239, position, -0.000000,0.630493,-0.000000, orientation, 1.000000,-0.000000,0.000000,0.000000, input, 0,0,0,0,0, replaying, 0
240, position, -0.000000,0.617175,-0.000000, orientation, 1.000000,-0.000000,0.000000,0.000000, input, 0,0,0,0,0, replaying, 0
241, position, -0.000000,0.602877,-0.000000, orientation, 1.000000,-0.000000,0.000000,0.000000, input, 0,0,0,0,0, replaying, 0
242, position, -0.000000,0.587599,-0.000000, orientation, 1.000000,-0.000000,0.000000,0.000000, input, 0,0,0,0,0, replaying, 0
243, position, -0.000000,0.571341,-0.000000, orientation, 1.000000,-0.000000,0.000000,0.000000, input, 0,0,0,0,0, replaying, 0
244, position, -0.000000,0.554104,-0.000000, orientation, 1.000000,-0.000000,0.000000,0.000000, input, 0,0,0,0,0, replaying, 0
245, position, -0.000000,0.535886,-0.000000, orientation, 1.000000,-0.000000,0.000000,0.000000, input, 0,0,0,0,0, replaying, 0
246, position, -0.000000,0.516689,-0.000000, orientation, 1.000000,-0.000000,0.000000,0.000000, input, 0,0,0,0,0, replaying, 0
247, position, -0.000000,0.496512,-0.000000, orientation, 1.000000,-0.000000,0.000000,0.000000, input, 0,0,0,0,0, replaying, 0
248, position, -0.000000,0.480387,-0.000000, orientation, 1.000000,-0.000000,0.000000,0.000000, input, 0,0,0,0,0, replaying, 0
249, position, -0.000000,0.469459,-0.000000, orientation, 1.000000,-0.000000,0.000000,0.000000, input, 0,0,0,0,0, replaying, 0
250, position, -0.000000,0.462375,-0.000000, orientation, 1.000000,-0.000000,0.000000,0.000000, input, 0,0,0,0,0, replaying, 0
251, position, -0.000000,0.458091,-0.000000, orientation, 1.000000,-0.000000,0.000000,0.000000, input, 0,0,0,0,0, replaying, 0
252, position, -0.000000,0.455813,-0.000000, orientation, 1.000000,-0.000000,0.000000,0.000000, input, 0,0,0,0,0, replaying, 0
253, position, -0.000000,0.454944,-0.000000, orientation, 1.000000,-0.000000,0.000000,0.000000, input, 0,0,0,0,0, replaying, 0
254, position, -0.000000,0.455053,-0.000000, orientation, 1.000000,-0.000000,0.000000,0.000000, input, 0,0,0,0,1, replaying, 0
255, position, -0.000000,0.460840,-0.000000, orientation, 1.000000,-0.000000,0.000000,0.000000, input, 0,0,0,0,0, replaying, 0
256, position, -0.000000,0.471938,-0.000000, orientation, 1.000000,-0.000000,0.000000,0.000000, input, 0,0,0,0,0, replaying, 0
257, position, -0.000000,0.483116,-0.000000, orientation, 1.000000,-0.000000,0.000000,0.000000, input, 0,0,0,0,0, replaying, 0
258, position, -0.000000,0.493952,-0.000000, orientation, 1.000000,-0.000000,0.000000,0.000000, input, 0,0,0,0,0, replaying, 0
259, position, -0.000000,0.504040,-0.000000, orientation, 1.000000,-0.000000,0.000000,0.000000, input, 0,0,0,0,0, replaying, 0
260, position, -0.000000,0.513158,-0.000000, orientation, 1.000000,0.000000,0.000000,-0.000000, input, 0,0,0,0,0, replaying, 0
261, position, -0.000000,0.521297,-0.000000, orientation, 1.000000,0.000000,0.000000,-0.000000, input, 0,0,0,0,0, replaying, 0
262, position, -0.000000,0.528455,-0.000000, orientation, 1.000000,0.000000,0.000000,-0.000000, input, 0,0,0,0,0, replaying, 0
263, position, 0.000000,0.534634,0.000000, orientation, 1.000000,0.000000,0.000000,-0.000000, input, 0,0,0,0,0, replaying, 0
264, position, 0.000000,0.539832,0.000000, orientation, 1.000000,0.000000,0.000000,-0.000000, input, 0,0,0,0,0, replaying, 0
265, position, 0.000000,0.544050,0.000000, orientation, 1.000000,0.000000,0.000000,-0.000000, input, 0,0,0,0,0, replaying, 0
266, position, 0.000000,0.547289,0.000000, orientation, 1.000000,0.000000,0.000000,-0.000000, input, 0,0,0,0,0, replaying, 0
267, position, 0.000000,0.549547,0.000000, orientation, 1.000000,0.000000,0.000000,-0.000000, input, 0,0,0,0,0, replaying, 0
268, position, 0.000000,0.550825,0.000000, orientation, 1.000000,0.000000,0.000000,-0.000000, input, 0,0,0,0,0, replaying, 0
269, position, 0.000000,0.551123,0.000000, orientation, 1.000000,0.000000,0.000000,-0.000000, input, 0,0,0,0,0, replaying, 0
270, position, 0.000000,0.550441,0.000000, orientation, 1.000000,0.000000,0.000000,-0.000000, input, 0,0,0,0,0, replaying, 0
271, position, 0.000000,0.548780,0.000000, orientation, 1.000000,0.000000,0.000000,-0.000000, input, 0,0,0,0,0, replaying, 0
272, position, 0.000000,0.546138,0.000000, orientation, 1.000000,0.000000,0.000000,-0.000000, input, 0,0,0,0,0, replaying, 0
273, position, 0.000000,0.542516,0.000000, orientation, 1.000000,0.000000,0.000000,-0.000000, input, 0,0,0,0,0, replaying, 0
274, position, 0.000000,0.537914,0.000000, orientation, 1.000000,0.000000,0.000000,-0.000000, input, 0,0,0,0,0, replaying, 0
275, position, 0.000000,0.532333,0.000000, orientation, 1.000000,0.000000,0.000000,-0.000000, input, 0,0,0,0,0, replaying, 0
276, position, 0.000000,0.525771,0.000000, orientation, 1.000000,0.000000,0.000000,-0.000000, input, 0,0,0,0,0, replaying, 0
277, position, 0.000000,0.518230,0.000000, orientation, 1.000000,0.000000,0.000000,-0.000000, input, 0,0,0,0,0, replaying, 0
278, position, 0.000000,0.509708,0.000000, orientation, 1.000000,0.000000,0.000000,-0.000000, input, 0,0,0,0,0, replaying, 0
279, position, 0.000000,0.500207,0.000000, orientation, 1.000000,0.000000,0.000000,-0.000000, input, 0,0,0,0,0, replaying, 0
280, position, 0.000000,0.491045,0.000000, orientation, 1.000000,0.000000,0.000000,-0.000000, input, 0,0,0,0,0, replaying, 0
281, position, 0.000000,0.484411,0.000000, orientation, 1.000000,0.000000,0.000000,-0.000000, input, 0,0,0,0,0, replaying, 0
282, position, 0.000000,0.479685,0.000000, orientation, 1.000000,0.000000,0.000000,-0.000000, input, 0,0,0,0,0, replaying, 0
283, position, 0.000000,0.476392,0.000000, orientation, 1.000000,0.000000,0.000000,-0.000000, input, 0,0,0,0,0, replaying, 0
284, position, 0.000000,0.474166,0.000000, orientation, 1.000000,0.000000,0.000000,-0.000000, input, 0,0,0,0,0, replaying, 0
285, position, 0.000000,0.472725,0.000000, orientation, 1.000000,0.000000,0.000000,-0.000000, input, 0,0,0,0,0, replaying, 0
286, position, 0.000000,0.471856,0.000000, orientation, 1.000000,0.000000,0.000000,-0.000000, input, 0,0,0,0,0, replaying, 0
287, position, 0.000000,0.471396,0.000000, orientation, 1.000000,0.000000,0.000000,-0.000000, input, 0,0,0,0,0, replaying, 0
288, position, 0.000000,0.471223,0.000000, orientation, 1.000000,0.000000,0.000000,-0.000000, input, 0,0,0,0,0, replaying, 0
289, position, 0.000000,0.471252,0.000000, orientation, 1.000000,0.000000,0.000000,-0.000000, input, 0,0,0,0,0, replaying, 0
290, position, 0.000000,0.471450,0.000000, orientation, 1.000000,0.000000,0.000000,-0.000000, input, 0,0,0,0,0, replaying, 0
291, position, 0.000000,0.471808,0.000000, orientation, 1.000000,0.000000,0.000000,-0.000000, input, 0,0,0,0,0, replaying, 0
292, position, 0.000000,0.472310,0.000000, orientation, 1.000000,0.000000,0.000000,-0.000000, input, 0,0,0,0,0, replaying, 0
293, position, 0.000000,0.472936,0.000000, orientation, 1.000000,0.000000,0.000000,-0.000000, input, 0,0,0,0,0, replaying, 0
294, position, 0.000000,0.473661,0.000000, orientation, 1.000000,0.000000,0.000000,-0.000000, input, 0,0,0,0,0, replaying, 0
295, position, 0.000000,0.474456,0.000000, orientation, 1.000000,-0.000000,0.000000,0.000000, input, 0,0,0,0,0, replaying, 0
296, position, 0.000000,0.475287,0.000000, orientation, 1.000000,-0.000000,0.000000,0.000000, input, 0,0,0,0,0, replaying, 0
297, position, 0.000000,0.476123,0.000000, orientation, 1.000000,-0.000000,0.000000,0.000000, input, 0,0,0,0,0, replaying, 0
298, position, -0.000000,0.476931,-0.000000, orientation, 1.000000,-0.000000,0.000000,0.000000, input, 0,0,0,0,0, replaying, 0
299, position, -0.000000,0.477677,-0.000000, orientation, 1.000000,-0.000000,0.000000,0.000000, input, 0,0,0,0,0, replaying, 0
300, position, -0.000000,0.478334,-0.000000, orientation, 1.000000,-0.000000,0.000000,0.000000, input, 0,0,0,0,0, replaying, 0
301, position, -0.000000,0.478875,-0.000000, orientation, 1.000000,-0.000000,0.000000,0.000000, input, 0,0,0,0,0, replaying, 0
302, position, -0.000000,0.479280,-0.000000, orientation, 1.000000,-0.000000,0.000000,0.000000, input, 0,0,0,0,0, replaying, 0
303, position, -0.000000,0.479532,-0.000000, orientation, 1.000000,-0.000000,0.000000,0.000000, input, 0,0,0,0,0, replaying, 0
304, position, -0.000000,0.479623,-0.000000, orientation, 1.000000,-0.000000,0.000000,0.000000, input, 0,0,0,0,0, replaying, 0
305, position, -0.000000,0.479559,-0.000000, orientation, 1.000000,-0.000000,0.000000,0.000000, input, 0,0,0,0,1, replaying, 0
306, position, -0.000000,0.484258,-0.000000, orientation, 1.000000,-0.000000,0.000000,0.000000, input, 0,0,0,0,1, replaying, 0
307, position, -0.000000,0.498084,-0.000000, orientation, 1.000000,-0.000000,0.000000,0.000000, input, 0,0,0,0,0, replaying, 0
308, position, -0.000000,0.515695,-0.000000, orientation, 1.000000,-0.000000,0.000000,0.000000, input, 0,0,0,0,0, replaying, 0
309, position, -0.000000,0.532326,-0.000000, orientation, 1.000000,-0.000000,0.000000,0.000000, input, 0,0,0,0,0, replaying, 0
310, position, -0.000000,0.547976,-0.000000, orientation, 1.000000,-0.000000,0.000000,0.000000, input, 0,0,0,0,0, replaying, 0
311, position, -0.000000,0.562647,-0.000000, orientation, 1.000000,-0.000000,0.000000,0.000000, input, 0,0,0,0,0, replaying, 0
312, position, -0.000000,0.576337,-0.000000, orientation, 1.000000,-0.000000,0.000000,0.000000, input, 0,0,0,0,0, replaying, 0
313, position, -0.000000,0.589047,-0.000000, orientation, 1.000000,-0.000000,0.000000,0.000000, input, 0,0,0,0,0, replaying, 0
314, position, -0.000000,0.600777,-0.000000, orientation, 1.000000,-0.000000,0.000000,0.000000, input, 0,0,0,0,0, replaying, 0
315, position, -0.000000,0.611527,-0.000000, orientation, 1.000000,0.000000,0.000000,-0.000000, input, 0,0,0,0,0, replaying, 0
316, position, -0.000000,0.621297,-0.000000, orientation, 1.000000,0.000000,0.000000,-0.000000, input, 0,0,0,0,0, replaying, 0
317, position, -0.000000,0.630086,-0.000000, orientation, 1.000000,0.000000,0.000000,-0.000000, input, 0,0,0,0,0, replaying, 0
318, position, -0.000000,0.637896,-0.000000, orientation, 1.000000,0.000000,0.000000,-0.000000, input, 0,0,0,0,0, replaying, 0
319, position, -0.000000,0.644725,-0.000000, orientation, 1.000000,0.000000,0.000000,-0.000000, input, 0,0,0,0,0, replaying, 0
320, position, -0.000000,0.650575,-0.000000, orientation, 1.000000,0.000000,0.000000,-0.000000, input, 0,0,0,0,0, replaying, 0
321, position, -0.000000,0.655444,-0.000000, orientation, 1.000000,0.000000,0.000000,-0.000000, input, 0,0,0,0,0, replaying, 0
322, position, -0.000000,0.659333,-0.000000, orientation, 1.000000,0.000000,0.000000,-0.000000, input, 0,0,0,0,0, replaying, 0
323, position, -0.000000,0.662243,-0.000000, orientation, 1.000000,0.000000,0.000000,-0.000000, input, 0,0,0,0,0, replaying, 0
324, position, -0.000000,0.664172,-0.000000, orientation, 1.000000,0.000000,0.000000,-0.000000, input, 0,0,0,0,0, replaying, 0
325, position, -0.000000,0.665121,-0.000000, orientation, 1.000000,0.000000,0.000000,-0.000000, input, 0,0,0,0,0, replaying, 0
326, position, -0.000000,0.665091,-0.000000, orientation, 1.000000,0.000000,0.000000,-0.000000, input, 0,0,0,0,0, replaying, 0
327, position, -0.000000,0.664080,-0.000000, orientation, 1.000000,0.000000,0.000000,-0.000000, input, 0,0,0,0,0, replaying, 0
328, position, -0.000000,0.662089,-0.000000, orientation, 1.000000,0.000000,0.000000,-0.000000, input, 0,0,0,0,0, replaying, 0
329, position, -0.000000,0.659118,-0.000000, orientation, 1.000000,0.000000,0.000000,-0.000000, input, 0,0,0,0,0, replaying, 0
330, position, -0.000000,0.655168,-0.000000, orientation, 1.000000,0.000000,0.000000,-0.000000, input, 0,0,0,0,0, replaying, 0
331, position, -0.000000,0.650237,-0.000000, orientation, 1.000000,0.000000,0.000000,-0.000000, input, 0,0,0,0,0, replaying, 0
332, position, -0.000000,0.644327,-0.000000, orientation, 1.000000,0.000000,0.000000,-0.000000, input, 0,0,0,0,0, replaying, 0
333, position, -0.000000,0.637436,-0.000000, orientation, 1.000000,0.000000,0.000000,-0.000000, input, 0,0,0,0,0, replaying, 0
334, position, -0.000000,0.629566,-0.000000, orientation, 1.000000,0.000000,0.000000,-0.000000, input, 0,0,0,0,0, replaying, 0
335, position, -0.000000,0.620715,-0.000000, orientation, 1.000000,0.000000,0.000000,-0.000000, input, 0,0,0,0,0, replaying, 0
336, position, -0.000000,0.610885,-0.000000, orientation, 1.000000,0.000000,0.000000,-0.000000, input, 0,0,0,0,0, replaying, 0
337, position, -0.000000,0.600075,-0.000000, orientation, 1.000000,0.000000,0.000000,-0.000000, input, 0,0,0,0,0, replaying, 0
338, position, -0.000000,0.588285,-0.000000, orientation, 1.000000,0.000000,0.000000,-0.000000, input, 0,0,0,0,0, replaying, 0
339, position, -0.000000,0.575515,-0.000000, orientation, 1.000000,0.000000,0.000000,-0.000000, input, 0,0,0,0,0, replaying, 0
340, position, -0.000000,0.561765,-0.000000, orientation, 1.000000,0.000000,0.000000,-0.000000, input, 0,0,0,0,0, replaying, 0
341, position, -0.000000,0.547036,-0.000000, orientation, 1.000000,0.000000,0.000000,-0.000000, input, 0,0,0,0,0, replaying, 0
342, position, -0.000000,0.531326,-0.000000, orientation, 1.000000,0.000000,0.000000,-0.000000, input, 0,0,0,0,0, replaying, 0
343, position, -0.000000,0.514637,-0.000000, orientation, 1.000000,0.000000,0.000000,-0.000000, input, 0,0,0,0,0, replaying, 0
344, position, -0.000000,0.496968,-0.000000, orientation, 1.000000,0.000000,0.000000,-0.000000, input, 0,0,0,0,0, replaying, 0
345, position, -0.000000,0.482745,-0.000000, orientation, 1.000000,0.000000,0.000000,-0.000000, input, 0,0,0,0,0, replaying, 0
346, position, -0.000000,0.473005,-0.000000, orientation, 1.000000,0.000000,0.000000,-0.000000, input, 0,0,0,0,0, replaying, 0
347, position, -0.000000,0.466592,-0.000000, orientation, 1.000000,0.000000,0.000000,-0.000000, input, 0,0,0,0,0, replaying, 0
348, position, -0.000000,0.462614,-0.000000, orientation, 1.000000,0.000000,0.000000,-0.000000, input, 0,0,0,0,0, replaying, 0
349, position, -0.000000,0.460389,-0.000000, orientation, 1.000000,0.000000,0.000000,-0.000000, input, 0,0,0,0,0, replaying, 0
350, position, -0.000000,0.459403,-0.000000, orientation, 1.000000,0.000000,0.000000,-0.000000, input, 0,0,0,0,0, replaying, 0
351, position, -0.000000,0.459275,-0.000000, orientation, 1.000000,0.000000,0.000000,-0.000000, input, 0,0,0,0,0, replaying, 0
352, position, -0.000000,0.459808,-0.000000, orientation, 1.000000,0.000000,0.000000,-0.000000, input, 0,0,0,0,0, replaying, 0
353, position, -0.000000,0.460960,-0.000000, orientation, 1.000000,0.000000,0.000000,-0.000000, input, 0,0,0,0,0, replaying, 0
354, position, -0.000000,0.462680,-0.000000, orientation, 1.000000,0.000000,0.000000,-0.000000, input, 0,0,0,0,0, replaying, 0
355, position, -0.000000,0.464896,-0.000000, orientation, 1.000000,0.000000,0.000000,-0.000000, input, 0,0,0,0,1, replaying, 0
356, position, -0.000000,0.472347,-0.000000, orientation, 1.000000,0.000000,0.000000,-0.000000, input, 0,0,0,0,1, replaying, 0
357, position, -0.000000,0.489217,-0.000001, orientation, 1.000000,0.000000,0.000000,-0.000000, input, 0,0,0,0,0, replaying, 0
358, position, -0.000000,0.510029,-0.000001, orientation, 1.000000,-0.000000,0.000000,0.000000, input, 0,0,0,0,0, replaying, 0
359, position, -0.000000,0.529863,-0.000001, orientation, 1.000000,-0.000000,0.000000,0.000000, input, 0,0,0,0,0, replaying, 0
360, position, -0.000000,0.548716,-0.000001, orientation, 1.000000,-0.000000,0.000000,0.000000, input, 0,0,0,0,0, replaying, 0
361, position, -0.000000,0.566590,-0.000001, orientation, 1.000000,-0.000000,0.000000,0.000000, input, 0,0,0,0,0, replaying, 0
362, position, -0.000000,0.583484,-0.000001, orientation, 1.000000,-0.000000,0.000000,0.000000, input, 0,0,0,0,0, replaying, 0
363, position, -0.000000,0.599397,-0.000001, orientation, 1.000000,-0.000000,0.000000,0.000000, input, 0,0,0,0,0, replaying, 0
364, position, -0.000000,0.614330,-0.000001, orientation, 1.000000,-0.000000,0.000000,0.000000, input, 0,0,0,0,0, replaying, 0
365, position, -0.000000,0.628283,-0.000001, orientation, 1.000000,-0.000000,0.000000,0.000000, input, 0,0,0,0,0, replaying, 0
366, position, -0.000000,0.641256,-0.000001, orientation, 1.000000,-0.000000,0.000000,0.000000, input, 0,0,0,0,0, replaying, 0
367, position, -0.000000,0.653249,-0.000001, orientation, 1.000000,-0.000000,0.000000,0.000000, input, 0,0,0,0,0, replaying, 0
368, position, -0.000000,0.664261,-0.000001, orientation, 1.000000,-0.000000,0.000000,0.000000, input, 0,0,0,0,0, replaying, 0
369, position, -0.000000,0.674294,-0.000001, orientation, 1.000000,-0.000000,0.000000,0.000000, input, 0,0,0,0,0, replaying, 0
370, position, -0.000000,0.683346,-0.000001, orientation, 1.000000,-0.000000,0.000000,0.000000, input, 0,0,0,0,0, replaying, 0
371, position, -0.000000,0.691418,-0.000001, orientation, 1.000000,-0.000001,0.000000,0.000000, input, 0,0,0,0,0, replaying, 0
372, position, -0.000000,0.698511,-0.000001, orientation, 1.000000,-0.000001,0.000000,0.000000, input, 0,0,0,0,0, replaying, 0
373, position, -0.000000,0.704623,-0.000001, orientation, 1.000000,-0.000001,0.000000,0.000000, input, 0,0,0,0,0, replaying, 0
374, position, -0.000000,0.709755,-0.000001, orientation, 1.000000,-0.000001,0.000000,0.000000, input, 0,0,0,0,0, replaying, 0
375, position, -0.000000,0.713907,-0.000001, orientation, 1.000000,-0.000001,0.000000,0.000000, input, 0,0,0,0,0, replaying, 0
376, position, -0.000000,0.717079,-0.000001, orientation, 1.000000,-0.000001,0.000000,0.000000, input, 0,0,0,0,0, replaying, 0
377, position, -0.000000,0.719271,-0.000001, orientation, 1.000000,-0.000001,0.000000,0.000000, input, 0,0,0,0,0, replaying, 0
378, position, -0.000000,0.720483,-0.000001, orientation, 1.000000,-0.000001,0.000000,0.000000, input, 0,0,0,0,0, replaying, 0
379, position, -0.000000,0.720715,-0.000001, orientation, 1.000000,-0.000001,0.000000,0.000000, input, 0,0,0,0,0, replaying, 0
380, position, -0.000000,0.719967,-0.000001, orientation, 1.000000,-0.000001,0.000000,0.000000, input, 0,0,0,0,0, replaying, 0
381, position, -0.000000,0.718239,-0.000001, orientation, 1.000000,-0.000001,0.000000,0.000000, input, 0,0,0,0,0, replaying, 0
382, position, -0.000000,0.715531,-0.000001, orientation, 1.000000,-0.000001,0.000000,0.000000, input, 0,0,0,0,0, replaying, 0
383, position, -0.000000,0.711843,-0.000001, orientation, 1.000000,-0.000001,0.000000,0.000000, input, 0,0,0,0,0, replaying, 0
384, position, -0.000000,0.707175,-0.000001, orientation, 1.000000,-0.000001,0.000000,0.000000, input, 0,0,0,0,0, replaying, 0
385, position, -0.000000,0.701527,-0.000001, orientation, 1.000000,-0.000001,0.000000,0.000000, input, 0,0,0,0,0, replaying, 0
386, position, -0.000000,0.694900,-0.000001, orientation, 1.000000,-0.000001,0.000000,0.000000, input, 0,0,0,0,0, replaying, 0
387, position, -0.000000,0.687292,-0.000001, orientation, 1.000000,-0.000001,0.000000,0.000000, input, 0,0,0,0,0, replaying, 0
388, position, -0.000000,0.678704,-0.000001, orientation, 1.000000,-0.000001,0.000000,0.000000, input, 0,0,0,0,0, replaying, 0
389, position, -0.000000,0.669137,-0.000001, orientation, 1.000000,-0.000001,0.000000,0.000000, input, 0,0,0,0,0, replaying, 0
390, position, -0.000000,0.658589,-0.000001, orientation, 1.000000,-0.000001,0.000000,0.000000, input, 0,0,0,0,0, replaying, 0
391, position, -0.000000,0.647062,-0.000001, orientation, 1.000000,-0.000001,0.000000,0.000000, input, 0,0,0,0,0, replaying, 0
392, position, -0.000000,0.634555,-0.000001, orientation, 1.000000,-0.000001,0.000000,0.000000, input, 0,0,0,0,0, replaying, 0
393, position, -0.000000,0.621068,-0.000001, orientation, 1.000000,-0.000001,0.000000,0.000000, input, 0,0,0,0,0, replaying, 0
394, position, -0.000000,0.606601,-0.000002, orientation, 1.000000,-0.000001,0.000000,0.000000, input, 0,0,0,0,0, replaying, 0
395, position, -0.000000,0.591154,-0.000002, orientation, 1.000000,-0.000001,0.000000,0.000000, input, 0,0,0,0,0, replaying, 0
396, position, -0.000000,0.574727,-0.000002, orientation, 1.000000,-0.000001,0.000000,0.000000, input, 0,0,0,0,0, replaying, 0
397, position, -0.000000,0.557321,-0.000002, orientation, 1.000000,-0.000002,0.000000,0.000000, input, 0,0,0,0,0, replaying, 0
398, position, -0.000000,0.538935,-0.000002, orientation, 1.000000,-0.000002,0.000000,0.000000, input, 0,0,0,0,0, replaying, 0
399, position, -0.000000,0.519569,-0.000002, orientation, 1.000000,-0.000002,0.000000,0.000000, input, 0,0,0,0,0, replaying, 0
400, position, -0.000000,0.499223,-0.000002, orientation, 1.000000,-0.000002,0.000000,0.000000, input, 0,0,0,0,0, replaying, 0
401, position, -0.000000,0.482901,-0.000002, orientation, 1.000000,-0.000002,0.000000,0.000000, input, 0,0,0,0,0, replaying, 0
402, position, -0.000000,0.471753,-0.000002, orientation, 1.000000,-0.000002,0.000000,0.000000, input, 0,0,0,0,0, replaying, 0
403, position, -0.000000,0.464444,-0.000002, orientation, 1.000000,-0.000001,0.000000,0.000000, input, 0,0,0,0,0, replaying, 0
404, position, -0.000000,0.459941,-0.000002, orientation, 1.000000,-0.000001,0.000000,0.000000, input, 0,0,0,0,0, replaying, 0
405, position, -0.000000,0.457456,-0.000002, orientation, 1.000000,-0.000001,0.000000,0.000000, input, 0,0,0,0,0, replaying, 0
406, position, -0.000000,0.456395,-0.000002, orientation, 1.000000,-0.000001,0.000000,0.000000, input, 0,0,0,0,0, replaying, 0
407, position, -0.000000,0.456315,-0.000002, orientation, 1.000000,-0.000001,0.000000,0.000000, input, 0,0,0,0,1, replaying, 0
408, position, -0.000000,0.461880,-0.000002, orientation, 1.000000,-0.000001,0.000000,0.000000, input, 0,0,0,0,1, replaying, 0
409, position, -0.000000,0.477351,-0.000002, orientation, 1.000000,-0.000001,0.000000,0.000000, input, 0,0,0,0,0, replaying, 0
410, position, -0.000000,0.497227,-0.000002, orientation, 1.000000,-0.000001,0.000000,0.000000, input, 0,0,0,0,0, replaying, 0
411, position, -0.000000,0.516309,-0.000001, orientation, 1.000000,-0.000000,0.000000,0.000000, input, 0,0,0,0,0, replaying, 0
412, position, -0.000000,0.534410,-0.000001, orientation, 1.000000,-0.000000,0.000000,0.000000, input, 0,0,0,0,0, replaying, 0
413, position, -0.000000,0.551532,-0.000001, orientation, 1.000000,-0.000000,0.000000,0.000000, input, 0,0,0,0,0, replaying, 0
414, position, -0.000000,0.567673,-0.000001, orientation, 1.000000,0.000000,0.000000,-0.000000, input, 0,0,0,0,0, replaying, 0
415, position, -0.000000,0.582834,-0.000001, orientation, 1.000000,0.000000,0.000000,-0.000000, input, 0,0,0,0,0, replaying, 0
416, position, -0.000000,0.597015,-0.000001, orientation, 1.000000,0.000000,0.000000,-0.000000, input, 0,0,0,0,0, replaying, 0
417, position, -0.000000,0.610215,-0.000001, orientation, 1.000000,0.000001,0.000000,-0.000000, input, 0,0,0,0,0, replaying, 0
418, position, -0.000000,0.622436,-0.000001, orientation, 1.000000,0.000001,0.000000,-0.000000, input, 0,0,0,0,0, replaying, 0
419, position, -0.000000,0.633677,-0.000001, orientation, 1.000000,0.000001,0.000000,-0.000000, input, 0,0,0,0,0, replaying, 0
420, position, -0.000000,0.643937,-0.000001, orientation, 1.000000,0.000001,0.000000,-0.000000, input, 0,0,0,0,0, replaying, 0
421, position, -0.000000,0.653217,-0.000001, orientation, 1.000000,0.000001,0.000000,-0.000000, input, 0,0,0,0,0, replaying, 0
422, position, -0.000000,0.661517,-0.000001, orientation, 1.000000,0.000002,0.000000,-0.000000, input, 0,0,0,0,0, replaying, 0
423, position, -0.000000,0.668837,-0.000001, orientation, 1.000000,0.000002,0.000000,-0.000000, input, 0,0,0,0,0, replaying, 0
424, position, -0.000000,0.675178,-0.000001, orientation, 1.000000,0.000002,0.000000,-0.000000, input, 0,0,0,0,0, replaying, 0
425, position, -0.000000,0.680538,-0.000000, orientation, 1.000000,0.000002,0.000000,-0.000000, input, 0,0,0,0,0, replaying, 0
426, position, -0.000000,0.684917,-0.000000, orientation, 1.000000,0.000002,0.000000,-0.000000, input, 0,0,0,0,0, replaying, 0
427, position, -0.000000,0.688317,-0.000000, orientation, 1.000000,0.000003,0.000000,-0.000000, input, 0,0,0,0,0, replaying, 0
428, position, -0.000000,0.690737,-0.000000, orientation, 1.000000,0.000003,0.000000,-0.000000, input, 0,0,0,0,0, replaying, 0
429, position, -0.000000,0.692177,-0.000000, orientation, 1.000000,0.000003,0.000000,-0.000000, input, 0,0,0,0,0, replaying, 0
430, position, -0.000000,0.692637,-0.000000, orientation, 1.000000,0.000003,0.000000,-0.000000, input, 0,0,0,0,0, replaying, 0
431, position, -0.000000,0.692117,-0.000000, orientation, 1.000000,0.000003,0.000000,-0.000000, input, 0,0,0,0,0, replaying, 0
432, position, 0.000000,0.690617,0.000000, orientation, 1.000000,0.000003,0.000000,-0.000001, input, 0,0,0,0,0, replaying, 0
433, position, 0.000000,0.688137,0.000000, orientation, 1.000000,0.000004,0.000000,-0.000001, input, 0,0,0,0,0, replaying, 0
434, position, 0.000000,0.684676,0.000000, orientation, 1.000000,0.000004,0.000000,-0.000001, input, 0,0,0,0,0, replaying, 0
435, position, 0.000000,0.680236,0.000000, orientation, 1.000000,0.000004,0.000000,-0.000001, input, 0,0,0,0,0, replaying, 0
436, position, 0.000000,0.674816,0.000000, orientation, 1.000000,0.000004,0.000000,-0.000001, input, 0,0,0,0,0, replaying, 0
437, position, 0.000000,0.668416,0.000000, orientation, 1.000000,0.000004,0.000000,-0.000001, input, 0,0,0,0,0, replaying, 0
438, position, 0.000000,0.661036,0.000000, orientation, 1.000000,0.000005,0.000000,-0.000001, input, 0,0,0,0,0, replaying, 0
439, position, 0.000000,0.652677,0.000001, orientation, 1.000000,0.000005,0.000000,-0.000001, input, 0,0,0,0,0, replaying, 0
440, position, 0.000000,0.643337,0.000001, orientation, 1.000000,0.000005,0.000000,-0.000001, input, 0,0,0,0,0, replaying, 0
441, position, 0.000000,0.633017,0.000001, orientation, 1.000000,0.000005,0.000000,-0.000001, input, 0,0,0,0,0, replaying, 0
442, position, 0.000000,0.621718,0.000001, orientation, 1.000000,0.000005,0.000000,-0.000001, input, 0,0,0,0,0, replaying, 0
443, position, 0.000000,0.609439,0.000001, orientation, 1.000000,0.000006,0.000000,-0.000001, input, 0,0,0,0,0, replaying, 0
444, position, 0.000000,0.596179,0.000001, orientation, 1.000000,0.000006,0.000000,-0.000001, input, 0,0,0,0,0, replaying, 0
445, position, 0.000000,0.581940,0.000001, orientation, 1.000000,0.000006,0.000000,-0.000001, input, 0,0,0,0,0, replaying, 0
446, position, 0.000000,0.566721,0.000001, orientation, 1.000000,0.000006,0.000000,-0.000001, input, 0,0,0,0,0, replaying, 0
447, position, 0.000000,0.550522,0.000001, orientation, 1.000000,0.000006,0.000000,-0.000001, input, 0,0,0,0,0, replaying, 0
448, position, 0.000000,0.533344,0.000001, orientation, 1.000000,0.000007,0.000000,-0.000001, input, 0,0,0,0,0, replaying, 0
449, position, 0.000000,0.515185,0.000001, orientation, 1.000000,0.000007,0.000000,-0.000001, input, 0,0,0,0,0, replaying, 0
450, position, 0.000000,0.496047,0.000001, orientation, 1.000000,0.000007,0.000000,-0.000001, input, 0,0,0,0,0, replaying, 0
451, position, 0.000000,0.480726,0.000001, orientation, 1.000000,0.000007,0.000000,-0.000001, input, 0,0,0,0,0, replaying, 0
452, position, 0.000000,0.470322,0.000001, orientation, 1.000000,0.000007,0.000000,-0.000001, input, 0,0,0,0,0, replaying, 0
453, position, 0.000000,0.463559,0.000001, orientation, 1.000000,0.000006,0.000000,-0.000001, input, 0,0,0,0,0, replaying, 0
454, position, 0.000000,0.459449,0.000001, orientation, 1.000000,0.000006,0.000000,-0.000001, input, 0,0,0,0,0, replaying, 0
455, position, 0.000000,0.457241,0.000001, orientation, 1.000000,0.000006,0.000000,-0.000001, input, 0,0,0,0,0, replaying, 0
456, position, 0.000000,0.456371,0.000001, orientation, 1.000000,0.000005,0.000000,-0.000001, input, 0,0,0,0,0, replaying, 0
457, position, 0.000000,0.456427,0.000001, orientation, 1.000000,0.000005,0.000000,-0.000001, input, 0,0,0,0,0, replaying, 0
458, position, 0.000000,0.457240,0.000001, orientation, 1.000000,0.000004,0.000000,-0.000001, input, 0,0,0,0,0, replaying, 0
459, position, 0.000000,0.458770,0.000001, orientation, 1.000000,0.000003,0.000000,-0.000000, input, 0,0,0,0,1, replaying, 0
460, position, 0.000000,0.465790,0.000000, orientation, 1.000000,0.000002,0.000000,-0.000000, input, 0,0,0,0,0, replaying, 0
461, position, -0.000000,0.477895,-0.000000, orientation, 1.000000,0.000002,0.000000,-0.000000, input, 0,0,0,0,0, replaying, 0
462, position, -0.000000,0.489851,-0.000000, orientation, 1.000000,0.000001,0.000000,-0.000000, input, 0,0,0,0,0, replaying, 0
463, position, -0.000000,0.501211,-0.000001, orientation, 1.000000,-0.000000,0.000000,0.000000, input, 0,0,0,0,0, replaying, 0
464, position, -0.000000,0.511645,-0.000001, orientation, 1.000000,-0.000001,0.000000,0.000000, input, 0,0,0,0,0, replaying, 0
465, position, -0.000000,0.521100,-0.000002, orientation, 1.000000,-0.000002,0.000000,0.000000, input, 0,0,0,0,0, replaying, 0
466, position, -0.000000,0.529574,-0.000002, orientation, 1.000000,-0.000003,0.000000,0.000000, input, 0,0,0,0,0, replaying, 0
467, position, -0.000000,0.537068,-0.000003, orientation, 1.000000,-0.000003,0.000000,0.000000, input, 0,0,0,0,0, replaying, 0
468, position, -0.000000,0.543582,-0.000003, orientation, 1.000000,-0.000004,0.000000,0.000001, input, 0,0,0,0,0, replaying, 0
469, position, -0.000001,0.549116,-0.000004, orientation, 1.000000,-0.000005,0.000000,0.000001, input, 0,0,0,0,0, replaying, 0
470, position, -0.000001,0.553671,-0.000004, orientation, 1.000000,-0.000006,0.000000,0.000001, input, 0,0,0,0,0, replaying, 0
471, position, -0.000001,0.557245,-0.000005, orientation, 1.000000,-0.000007,0.000000,0.000001, input, 0,0,0,0,0, replaying, 0
472, position, -0.000001,0.559839,-0.000005, orientation, 1.000000,-0.000007,0.000000,0.000001, input, 0,0,0,0,0, replaying, 0
473, position, -0.000001,0.561453,-0.000006, orientation, 1.000000,-0.000008,0.000000,0.000001, input, 0,0,0,0,0, replaying, 0
474, position, -0.000001,0.562087,-0.000006, orientation, 1.000000,-0.000009,0.000000,0.000001, input, 0,0,0,0,0, replaying, 0
475, position, -0.000001,0.561741,-0.000007, orientation, 1.000000,-0.000010,0.000000,0.000001, input, 0,0,0,0,0, replaying, 0
476, position, -0.000001,0.560415,-0.000007, orientation, 1.000000,-0.000011,0.000000,0.000002, input, 0,0,0,0,0, replaying, 0
477, position, -0.000001,0.558109,-0.000008, orientation, 1.000000,-0.000011,0.000000,0.000002, input, 0,0,0,0,0, replaying, 0
478, position, -0.000001,0.554823,-0.000008, orientation, 1.000000,-0.000012,0.000000,0.000002, input, 0,0,0,0,0, replaying, 0
479, position, -0.000001,0.550557,-0.000009, orientation, 1.000000,-0.000013,0.000000,0.000002, input, 0,0,0,0,0, replaying, 0
480, position, -0.000001,0.545311,-0.000009, orientation, 1.000000,-0.000014,0.000000,0.000002, input, 0,0,0,0,0, replaying, 0
481, position, -0.000001,0.539085,-0.000010, orientation, 1.000000,-0.000015,0.000000,0.000002, input, 0,0,0,0,0, replaying, 0
482, position, -0.000001,0.531879,-0.000010, orientation, 1.000000,-0.000016,0.000000,0.000002, input, 0,0,0,0,0, replaying, 0
483, position, -0.000002,0.523694,-0.000011, orientation, 1.000000,-0.000016,0.000000,0.000002, input, 0,0,0,0,0, replaying, 0
484, position, -0.000002,0.514528,-0.000011, orientation, 1.000000,-0.000017,0.000000,0.000003, input, 0,0,0,0,0, replaying, 0
485, position, -0.000002,0.504383,-0.000012, orientation, 1.000000,-0.000018,0.000000,0.000003, input, 0,0,0,0,0, replaying, 0
486, position, -0.000002,0.494606,-0.000012, orientation, 1.000000,-0.000018,0.000000,0.000003, input, 0,0,0,0,0, replaying, 0
487, position, -0.000002,0.487438,-0.000013, orientation, 1.000000,-0.000018,0.000000,0.000003, input, 0,0,0,0,0, replaying, 0
488, position, -0.000002,0.482253,-0.000013, orientation, 1.000000,-0.000017,0.000000,0.000003, input, 0,0,0,0,0, replaying, 0
489, position, -0.000002,0.478568,-0.000013, orientation, 1.000000,-0.000016,0.000000,0.000002, input, 0,0,0,0,0, replaying, 0
490, position, -0.000002,0.476008,-0.000013, orientation, 1.000000,-0.000015,0.000000,0.000002, input, 0,0,0,0,0, replaying, 0
491, position, -0.000002,0.474283,-0.000013, orientation, 1.000000,-0.000014,0.000000,0.000002, input, 0,0,0,0,0, replaying, 0
492, position, -0.000002,0.473173,-0.000013, orientation, 1.000000,-0.000013,0.000000,0.000002, input, 0,0,0,0,0, replaying, 0
493, position, -0.000002,0.472509,-0.000013, orientation, 1.000000,-0.000012,-0.000000,0.000002, input, 0,0,0,0,0, replaying, 0
494, position, -0.000002,0.472165,-0.000012, orientation, 1.000000,-0.000011,-0.000000,0.000002, input, 0,0,0,0,0, replaying, 0
495, position, -0.000002,0.472044,-0.000012, orientation, 1.000000,-0.000010,-0.000000,0.000001, input, 0,0,0,0,0, replaying, 0
496, position, -0.000002,0.472082,-0.000011, orientation, 1.000000,-0.000009,-0.000000,0.000001, input, 0,0,0,0,0, replaying, 0
497, position, -0.000002,0.472255,-0.000011, orientation, 1.000000,-0.000008,-0.000000,0.000001, input, 0,0,0,0,0, replaying, 0
498, position, -0.000001,0.472556,-0.000010, orientation, 1.000000,-0.000006,-0.000000,0.000001, input, 0,0,0,0,0, replaying, 0
499, position, -0.000001,0.472973,-0.000009, orientation, 1.000000,-0.000004,-0.000000,0.000001, input, 0,0,0,0,0, replaying, 0
