Build started 2013/10/1 下午 04:47:06.
     1>Project "D:\igs\Project\demo\Zen of Networked Physics\client\NetworkedPhysics.vcxproj" on node 2 (build target(s)).
     1>InitializeBuildStatus:
         Creating "Debug\NetworkedPhysics.unsuccessfulbuild" because "AlwaysCreate" was specified.
       ClCompile:
         C:\Program Files (x86)\Microsoft Visual Studio 10.0\VC\bin\CL.exe /c /ZI /nologo /W3 /WX- /Od /Oy- /D WIN32 /D _DEBUG /D _WINDOWS /D _MBCS /Gm /EHsc /RTC1 /MTd /GS- /fp:precise /Zc:wchar_t /Zc:forScope /Fo"Debug\\" /Fd"Debug\vc100.pdb" /Gd /TP /analyze- /errorReport:prompt NetworkedPhysics.cpp
         NetworkedPhysics.cpp
       ManifestResourceCompile:
         All outputs are up-to-date.
       Link:
         C:\Program Files (x86)\Microsoft Visual Studio 10.0\VC\bin\link.exe /ERRORREPORT:PROMPT /OUT:"Debug\NetworkedPhysics.exe" /INCREMENTAL /NOLOGO opengl32.lib glu32.lib kernel32.lib gdi32.lib shell32.lib user32.lib kernel32.lib user32.lib gdi32.lib winspool.lib comdlg32.lib advapi32.lib shell32.lib ole32.lib oleaut32.lib uuid.lib odbc32.lib odbccp32.lib /MANIFEST /ManifestFile:"Debug\NetworkedPhysics.exe.intermediate.manifest" /MANIFESTUAC:"level='asInvoker' uiAccess='false'" /DEBUG /PDB:"Debug\NetworkedPhysics.pdb" /SUBSYSTEM:WINDOWS /TLBID:1 /DYNAMICBASE /NXCOMPAT /IMPLIB:"Debug\NetworkedPhysics.lib" /MACHINE:X86 Debug\NetworkedPhysics.exe.embed.manifest.res
         Debug\FreeType.obj
         Debug\NetworkedPhysics.obj
         freetype\freetype.lib /nodefaultlib:libc 
       Manifest:
         C:\Program Files (x86)\Microsoft SDKs\Windows\v7.0A\bin\mt.exe /nologo /verbose /out:"Debug\NetworkedPhysics.exe.embed.manifest" /manifest Debug\NetworkedPhysics.exe.intermediate.manifest
         All outputs are up-to-date.
       LinkEmbedManifest:
         All outputs are up-to-date.
         NetworkedPhysics.vcxproj -> D:\igs\Project\demo\Zen of Networked Physics\client\Debug\NetworkedPhysics.exe
       FinalizeBuildStatus:
         Deleting file "Debug\NetworkedPhysics.unsuccessfulbuild".
         Touching "Debug\NetworkedPhysics.lastbuildstate".
     1>Done Building Project "D:\igs\Project\demo\Zen of Networked Physics\client\NetworkedPhysics.vcxproj" (build target(s)).

Build succeeded.

Time Elapsed 00:00:03.18
