0, 0,0,0,0,1,0,0,0,0,0,0,0,0,0,0,0,0,0,0
1, 0,0,0,0,0,0,0,0,0,0,0,0,0,0,0,0,0,0,0
50, 0,0,0,0,1,0,0,0,0,0,0,0,0,0,0,0,0,0,0
52, 0,0,0,0,0,0,0,0,0,0,0,0,0,0,0,0,0,0,0
100, 0,0,0,0,1,0,0,0,0,0,0,0,0,0,0,0,0,0,0
102, 0,0,0,0,0,0,0,0,0,0,0,0,0,0,0,0,0,0,0
152, 0,0,0,0,1,0,0,0,0,0,0,0,0,0,0,0,0,0,0
154, 0,0,0,0,0,0,0,0,0,0,0,0,0,0,0,0,0,0,0
204, 0,0,0,0,1,0,0,0,0,0,0,0,0,0,0,0,0,0,0
205, 0,0,0,0,0,0,0,0,0,0,0,0,0,0,0,0,0,0,0
254, 0,0,0,0,1,0,0,0,0,0,0,0,0,0,0,0,0,0,0
255, 0,0,0,0,0,0,0,0,0,0,0,0,0,0,0,0,0,0,0
305, 0,0,0,0,1,0,0,0,0,0,0,0,0,0,0,0,0,0,0
307, 0,0,0,0,0,0,0,0,0,0,0,0,0,0,0,0,0,0,0
357, 0,0,0,0,1,0,0,0,0,0,0,0,0,0,0,0,0,0,0
359, 0,0,0,0,0,0,0,0,0,0,0,0,0,0,0,0,0,0,0
407, 0,0,0,0,1,0,0,0,0,0,0,0,0,0,0,0,0,0,0
409, 0,0,0,0,0,0,0,0,0,0,0,0,0,0,0,0,0,0,0
459, 0,0,0,0,1,0,0,0,0,0,0,0,0,0,0,0,0,0,0
460, 0,0,0,0,0,0,0,0,0,0,0,0,0,0,0,0,0,0,0
500: quit
