0, position, 0.000000,0.500000,0.000000, orientation, 1.000000,0.000000,0.000000,0.000000, input, 0,0,0,0,1, replaying, 0
1, position, 0.000000,0.504436,0.000000, orientation, 1.000000,0.000000,0.000000,0.000000, input, 0,0,0,0,0, replaying, 0
2, position, 0.000000,0.512744,0.000000, orientation, 1.000000,0.000000,0.000000,0.000000, input, 0,0,0,0,0, replaying, 0
3, position, 0.000000,0.520072,0.000000, orientation, 1.000000,0.000000,0.000000,0.000000, input, 0,0,0,0,0, replaying, 0
4, position, 0.000000,0.526420,0.000000, orientation, 1.000000,0.000000,0.000000,0.000000, input, 0,0,0,0,0, replaying, 0
5, position, 0.000000,0.531788,0.000000, orientation, 1.000000,0.000000,0.000000,0.000000, input, 0,0,0,0,0, replaying, 0
6, position, 0.000000,0.536176,0.000000, orientation, 1.000000,0.000000,0.000000,0.000000, input, 0,0,0,0,0, replaying, 0
7, position, 0.000000,0.539584,0.000000, orientation, 1.000000,0.000000,0.000000,0.000000, input, 0,0,0,0,0, replaying, 0
8, position, 0.000000,0.542011,0.000000, orientation, 1.000000,0.000000,0.000000,0.000000, input, 0,0,0,0,0, replaying, 0
9, position, 0.000000,0.543459,0.000000, orientation, 1.000000,0.000000,0.000000,0.000000, input, 0,0,0,0,0, replaying, 0
10, position, 0.000000,0.543927,0.000000, orientation, 1.000000,0.000000,0.000000,0.000000, input, 0,0,0,0,0, replaying, 0
11, position, 0.000000,0.543415,0.000000, orientation, 1.000000,0.000000,0.000000,0.000000, input, 0,0,0,0,0, replaying, 0
12, position, 0.000000,0.541922,0.000000, orientation, 1.000000,0.000000,0.000000,0.000000, input, 0,0,0,0,0, replaying, 0
13, position, 0.000000,0.539450,0.000000, orientation, 1.000000,0.000000,0.000000,0.000000, input, 0,0,0,0,0, replaying, 0
14, position, 0.000000,0.535998,0.000000, orientation, 1.000000,0.000000,0.000000,0.000000, input, 0,0,0,0,0, replaying, 0
15, position, 0.000000,0.531566,0.000000, orientation, 1.000000,0.000000,0.000000,0.000000, input, 0,0,0,0,0, replaying, 0
16, position, 0.000000,0.526154,0.000000, orientation, 1.000000,0.000000,0.000000,0.000000, input, 0,0,0,0,0, replaying, 0
17, position, 0.000000,0.519762,0.000000, orientation, 1.000000,0.000000,0.000000,0.000000, input, 0,0,0,0,0, replaying, 0
18, position, 0.000000,0.512390,0.000000, orientation, 1.000000,0.000000,0.000000,0.000000, input, 0,0,0,0,0, replaying, 0
19, position, 0.000000,0.504038,0.000000, orientation, 1.000000,0.000000,0.000000,0.000000, input, 0,0,0,0,0, replaying, 0
20, position, 0.000000,0.495832,0.000000, orientation, 1.000000,0.000000,0.000000,-0.000000, input, 0,0,0,0,0, replaying, 0
21, position, -0.000000,0.489674,0.000000, orientation, 1.000000,0.000000,0.000000,0.000000, input, 0,0,0,0,0, replaying, 0
22, position, -0.000000,0.485089,0.000000, orientation, 1.000000,0.000000,0.000000,0.000000, input, 0,0,0,0,0, replaying, 0
23, position, -0.000000,0.481710,0.000000, orientation, 1.000000,0.000000,0.000000,0.000000, input, 0,0,0,0,0, replaying, 0
24, position, -0.000000,0.479250,0.000000, orientation, 1.000000,0.000000,0.000000,0.000000, input, 0,0,0,0,0, replaying, 0
25, position, -0.000000,0.477484,0.000000, orientation, 1.000000,0.000000,0.000000,0.000000, input, 0,0,0,0,0, replaying, 0
26, position, -0.000000,0.476241,0.000000, orientation, 1.000000,0.000000,0.000000,0.000000, input, 0,0,0,0,0, replaying, 0
27, position, -0.000000,0.475387,0.000000, orientation, 1.000000,0.000000,0.000000,0.000000, input, 0,0,0,0,0, replaying, 0
28, position, -0.000000,0.474821,0.000000, orientation, 1.000000,0.000000,0.000000,0.000000, input, 0,0,0,0,0, replaying, 0
29, position, -0.000000,0.474466,0.000000, orientation, 1.000000,0.000000,-0.000000,0.000000, input, 0,0,0,0,0, replaying, 0
30, position, -0.000000,0.474263,0.000000, orientation, 1.000000,0.000000,-0.000000,0.000000, input, 0,0,0,0,0, replaying, 0
31, position, -0.000000,0.474169,0.000000, orientation, 1.000000,0.000000,-0.000000,0.000000, input, 0,0,0,0,0, replaying, 0
32, position, -0.000000,0.474149,0.000000, orientation, 1.000000,0.000000,-0.000000,0.000000, input, 0,0,0,0,0, replaying, 0
33, position, -0.000000,0.474186,0.000000, orientation, 1.000000,0.000000,-0.000000,0.000000, input, 0,0,0,0,0, replaying, 0
34, position, -0.000000,0.474275,0.000000, orientation, 1.000000,0.000000,-0.000000,0.000000, input, 0,0,0,0,0, replaying, 0
35, position, -0.000000,0.474412,0.000000, orientation, 1.000000,0.000000,-0.000000,0.000000, input, 0,0,0,0,0, replaying, 0
36, position, -0.000000,0.474591,0.000000, orientation, 1.000000,0.000000,-0.000000,0.000000, input, 0,0,0,0,0, replaying, 0
37, position, -0.000000,0.474806,0.000000, orientation, 1.000000,0.000000,-0.000000,0.000000, input, 0,0,0,0,0, replaying, 0
38, position, -0.000000,0.475048,0.000000, orientation, 1.000000,0.000000,-0.000000,0.000000, input, 0,0,0,0,0, replaying, 0
39, position, -0.000000,0.475306,0.000000, orientation, 1.000000,0.000000,-0.000000,0.000000, input, 0,0,0,0,0, replaying, 0
40, position, -0.000000,0.475570,0.000000, orientation, 1.000000,0.000000,-0.000000,0.000000, input, 0,0,0,0,0, replaying, 0
41, position, -0.000000,0.475831,0.000000, orientation, 1.000000,0.000000,-0.000000,0.000000, input, 0,0,0,0,0, replaying, 0
42, position, -0.000000,0.476077,0.000000, orientation, 1.000000,0.000000,-0.000000,0.000000, input, 0,0,0,0,0, replaying, 0
43, position, -0.000000,0.476299,0.000000, orientation, 1.000000,0.000000,-0.000000,0.000000, input, 0,0,0,0,0, replaying, 0
44, position, -0.000000,0.476488,0.000000, orientation, 1.000000,0.000000,-0.000000,0.000000, input, 0,0,0,0,0, replaying, 0
45, position, -0.000000,0.476637,0.000000, orientation, 1.000000,0.000000,-0.000000,0.000000, input, 0,0,0,0,0, replaying, 0
46, position, -0.000000,0.476740,0.000000, orientation, 1.000000,0.000000,-0.000000,0.000000, input, 0,0,0,0,0, replaying, 0
47, position, -0.000000,0.476793,0.000000, orientation, 1.000000,0.000000,-0.000000,0.000000, input, 0,0,0,0,0, replaying, 0
48, position, -0.000000,0.476795,0.000000, orientation, 1.000000,0.000000,-0.000000,0.000000, input, 0,0,0,0,0, replaying, 0
49, position, -0.000000,0.476754,0.000000, orientation, 1.000000,0.000000,-0.000000,0.000000, input, 0,0,0,0,0, replaying, 0
50, position, -0.000000,0.476685,0.000000, orientation, 1.000000,0.000000,-0.000000,0.000000, input, 0,0,0,0,1, replaying, 0
51, position, -0.000000,0.481485,0.000000, orientation, 1.000000,0.000000,-0.000000,0.000000, input, 0,0,0,0,1, replaying, 0
52, position, -0.000000,0.495510,0.000000, orientation, 1.000000,0.000000,-0.000000,0.000000, input, 0,0,0,0,0, replaying, 0
53, position, -0.000000,0.513378,0.000000, orientation, 1.000000,0.000000,-0.000000,0.000000, input, 0,0,0,0,0, replaying, 0
54, position, -0.000000,0.530266,0.000000, orientation, 1.000000,-0.000000,-0.000000,0.000000, input, 0,0,0,0,0, replaying, 0
55, position, -0.000000,0.546173,0.000000, orientation, 1.000000,-0.000000,-0.000000,0.000000, input, 0,0,0,0,0, replaying, 0
56, position, -0.000000,0.561101,0.000000, orientation, 1.000000,-0.000000,-0.000000,0.000000, input, 0,0,0,0,0, replaying, 0
57, position, -0.000000,0.575049,0.000000, orientation, 1.000000,-0.000000,-0.000000,0.000000, input, 0,0,0,0,0, replaying, 0
58, position, -0.000000,0.588016,0.000000, orientation, 1.000000,-0.000000,-0.000000,0.000000, input, 0,0,0,0,0, replaying, 0
59, position, -0.000000,0.600003,0.000000, orientation, 1.000000,-0.000000,-0.000000,0.000000, input, 0,0,0,0,0, replaying, 0
60, position, -0.000000,0.611010,0.000000, orientation, 1.000000,-0.000000,-0.000000,0.000000, input, 0,0,0,0,0, replaying, 0
61, position, -0.000000,0.621037,0.000000, orientation, 1.000000,-0.000000,-0.000000,0.000000, input, 0,0,0,0,0, replaying, 0
62, position, -0.000000,0.630084,0.000000, orientation, 1.000000,-0.000000,-0.000000,0.000000, input, 0,0,0,0,0, replaying, 0
63, position, -0.000000,0.638151,0.000000, orientation, 1.000000,-0.000000,-0.000000,0.000000, input, 0,0,0,0,0, replaying, 0
64, position, -0.000000,0.645238,0.000000, orientation, 1.000000,-0.000000,-0.000000,0.000000, input, 0,0,0,0,0, replaying, 0
65, position, -0.000000,0.651344,0.000000, orientation, 1.000000,-0.000000,-0.000000,0.000000, input, 0,0,0,0,0, replaying, 0
66, position, -0.000000,0.656471,0.000000, orientation, 1.000000,-0.000000,-0.000000,0.000000, input, 0,0,0,0,0, replaying, 0
67, position, -0.000000,0.660618,0.000000, orientation, 1.000000,-0.000000,-0.000000,0.000000, input, 0,0,0,0,0, replaying, 0
68, position, -0.000000,0.663784,-0.000000, orientation, 1.000000,-0.000000,-0.000000,0.000000, input, 0,0,0,0,0, replaying, 0
69, position, -0.000000,0.665971,-0.000000, orientation, 1.000000,-0.000000,-0.000000,0.000000, input, 0,0,0,0,0, replaying, 0
70, position, -0.000000,0.667177,-0.000000, orientation, 1.000000,-0.000000,-0.000000,0.000000, input, 0,0,0,0,0, replaying, 0
71, position, -0.000000,0.667404,-0.000000, orientation, 1.000000,-0.000000,-0.000000,0.000000, input, 0,0,0,0,0, replaying, 0
72, position, -0.000000,0.666650,-0.000000, orientation, 1.000000,-0.000000,-0.000000,-0.000000, input, 0,0,0,0,0, replaying, 0
73, position, -0.000000,0.664917,-0.000000, orientation, 1.000000,-0.000000,-0.000000,-0.000000, input, 0,0,0,0,0, replaying, 0
74, position, -0.000000,0.662203,-0.000000, orientation, 1.000000,-0.000000,-0.000000,-0.000000, input, 0,0,0,0,0, replaying, 0
75, position, -0.000000,0.658510,-0.000000, orientation, 1.000000,-0.000000,-0.000000,-0.000000, input, 0,0,0,0,0, replaying, 0
76, position, -0.000000,0.653836,-0.000000, orientation, 1.000000,-0.000000,-0.000000,-0.000000, input, 0,0,0,0,0, replaying, 0
77, position, -0.000000,0.648183,-0.000000, orientation, 1.000000,-0.000000,-0.000000,-0.000000, input, 0,0,0,0,0, replaying, 0
78, position, -0.000000,0.641550,-0.000000, orientation, 1.000000,-0.000000,-0.000000,-0.000000, input, 0,0,0,0,0, replaying, 0
79, position, -0.000000,0.633936,-0.000000, orientation, 1.000000,-0.000000,-0.000000,-0.000000, input, 0,0,0,0,0, replaying, 0
80, position, -0.000000,0.625343,-0.000000, orientation, 1.000000,-0.000000,-0.000000,-0.000000, input, 0,0,0,0,0, replaying, 0
81, position, -0.000000,0.615770,-0.000000, orientation, 1.000000,-0.000000,-0.000000,-0.000000, input, 0,0,0,0,0, replaying, 0
82, position, -0.000000,0.605217,-0.000000, orientation, 1.000000,-0.000000,-0.000000,-0.000000, input, 0,0,0,0,0, replaying, 0
83, position, -0.000000,0.593684,-0.000000, orientation, 1.000000,-0.000000,-0.000000,-0.000000, input, 0,0,0,0,0, replaying, 0
84, position, -0.000000,0.581172,-0.000000, orientation, 1.000000,-0.000000,-0.000000,-0.000000, input, 0,0,0,0,0, replaying, 0
85, position, -0.000000,0.567679,-0.000000, orientation, 1.000000,-0.000000,-0.000000,-0.000000, input, 0,0,0,0,0, replaying, 0
86, position, -0.000000,0.553207,-0.000000, orientation, 1.000000,-0.000000,-0.000000,-0.000000, input, 0,0,0,0,0, replaying, 0
87, position, -0.000000,0.537754,-0.000000, orientation, 1.000000,-0.000000,-0.000000,-0.000000, input, 0,0,0,0,0, replaying, 0
88, position, -0.000000,0.521322,-0.000000, orientation, 1.000000,-0.000000,-0.000000,-0.000000, input, 0,0,0,0,0, replaying, 0
89, position, -0.000000,0.503910,-0.000000, orientation, 1.000000,-0.000000,-0.000000,-0.000000, input, 0,0,0,0,0, replaying, 0
90, position, -0.000000,0.487793,-0.000000, orientation, 1.000000,-0.000000,-0.000000,-0.000000, input, 0,0,0,0,0, replaying, 0
91, position, -0.000000,0.476621,-0.000000, orientation, 1.000000,-0.000000,-0.000000,-0.000000, input, 0,0,0,0,0, replaying, 0
92, position, -0.000000,0.469130,-0.000000, orientation, 1.000000,-0.000000,-0.000000,-0.000000, input, 0,0,0,0,0, replaying, 0
93, position, -0.000000,0.464348,-0.000000, orientation, 1.000000,-0.000000,-0.000000,-0.000000, input, 0,0,0,0,0, replaying, 0
94, position, -0.000000,0.461530,-0.000000, orientation, 1.000000,-0.000000,-0.000000,-0.000000, input, 0,0,0,0,0, replaying, 0
95, position, -0.000000,0.460113,-0.000000, orientation, 1.000000,-0.000000,-0.000000,0.000000, input, 0,0,0,0,0, replaying, 0
96, position, -0.000000,0.459674,-0.000000, orientation, 1.000000,-0.000000,-0.000000,0.000000, input, 0,0,0,0,0, replaying, 0
97, position, -0.000000,0.459931,-0.000000, orientation, 1.000000,-0.000000,-0.000000,0.000000, input, 0,0,0,0,0, replaying, 0
98, position, -0.000000,0.460805,-0.000000, orientation, 1.000000,-0.000000,-0.000000,0.000000, input, 0,0,0,0,0, replaying, 0
99, position, -0.000000,0.462255,-0.000000, orientation, 1.000000,-0.000000,-0.000000,0.000000, input, 0,0,0,0,0, replaying, 0
100, position, -0.000000,0.464221,-0.000000, orientation, 1.000000,-0.000000,-0.000000,0.000000, input, 0,0,0,0,1, replaying, 0
101, position, -0.000000,0.471454,-0.000000, orientation, 1.000000,-0.000000,-0.000000,0.000000, input, 0,0,0,0,1, replaying, 0
102, position, -0.000000,0.488151,-0.000000, orientation, 1.000000,-0.000000,-0.000000,0.000000, input, 0,0,0,0,0, replaying, 0
103, position, -0.000000,0.508832,-0.000000, orientation, 1.000000,-0.000000,-0.000000,-0.000000, input, 0,0,0,0,0, replaying, 0
104, position, -0.000000,0.528549,-0.000000, orientation, 1.000000,-0.000000,-0.000000,-0.000000, input, 0,0,0,0,0, replaying, 0
105, position, -0.000000,0.547286,-0.000000, orientation, 1.000000,-0.000000,-0.000000,-0.000000, input, 0,0,0,0,0, replaying, 0
106, position, -0.000000,0.565043,-0.000000, orientation, 1.000000,-0.000000,-0.000000,-0.000000, input, 0,0,0,0,0, replaying, 0
107, position, -0.000000,0.581819,-0.000000, orientation, 1.000000,-0.000000,-0.000000,-0.000000, input, 0,0,0,0,0, replaying, 0
108, position, -0.000000,0.597616,-0.000000, orientation, 1.000000,-0.000000,-0.000000,-0.000000, input, 0,0,0,0,0, replaying, 0
109, position, -0.000000,0.612432,-0.000000, orientation, 1.000000,-0.000000,-0.000000,-0.000000, input, 0,0,0,0,0, replaying, 0
110, position, -0.000000,0.626268,-0.000000, orientation, 1.000000,-0.000000,-0.000000,-0.000000, input, 0,0,0,0,0, replaying, 0
111, position, -0.000000,0.639124,-0.000000, orientation, 1.000000,0.000000,-0.000000,-0.000000, input, 0,0,0,0,0, replaying, 0
112, position, -0.000000,0.651000,-0.000000, orientation, 1.000000,0.000000,-0.000000,-0.000000, input, 0,0,0,0,0, replaying, 0
113, position, -0.000000,0.661896,-0.000000, orientation, 1.000000,0.000000,-0.000000,-0.000000, input, 0,0,0,0,0, replaying, 0
114, position, -0.000000,0.671812,-0.000000, orientation, 1.000000,0.000000,-0.000000,-0.000000, input, 0,0,0,0,0, replaying, 0
115, position, -0.000000,0.680747,-0.000000, orientation, 1.000000,0.000000,-0.000000,-0.000000, input, 0,0,0,0,0, replaying, 0
116, position, -0.000000,0.688703,-0.000000, orientation, 1.000000,0.000000,-0.000000,-0.000000, input, 0,0,0,0,0, replaying, 0
117, position, -0.000000,0.695678,-0.000000, orientation, 1.000000,0.000000,-0.000000,-0.000000, input, 0,0,0,0,0, replaying, 0
118, position, -0.000000,0.701674,-0.000000, orientation, 1.000000,0.000000,-0.000000,-0.000000, input, 0,0,0,0,0, replaying, 0
119, position, -0.000000,0.706689,0.000000, orientation, 1.000000,0.000000,-0.000000,-0.000000, input, 0,0,0,0,0, replaying, 0
120, position, -0.000000,0.710724,0.000000, orientation, 1.000000,0.000000,-0.000000,-0.000000, input, 0,0,0,0,0, replaying, 0
121, position, -0.000000,0.713780,0.000000, orientation, 1.000000,0.000000,-0.000000,-0.000000, input, 0,0,0,0,0, replaying, 0
122, position, -0.000000,0.715855,0.000000, orientation, 1.000000,0.000000,-0.000000,-0.000000, input, 0,0,0,0,0, replaying, 0
123, position, -0.000000,0.716950,0.000000, orientation, 1.000000,0.000000,-0.000000,-0.000000, input, 0,0,0,0,0, replaying, 0
124, position, -0.000000,0.717065,0.000000, orientation, 1.000000,0.000000,0.000000,-0.000000, input, 0,0,0,0,0, replaying, 0
125, position, -0.000000,0.716200,0.000000, orientation, 1.000000,0.000000,0.000000,-0.000000, input, 0,0,0,0,0, replaying, 0
126, position, -0.000000,0.714355,0.000000, orientation, 1.000000,0.000000,0.000000,-0.000000, input, 0,0,0,0,0, replaying, 0
127, position, -0.000000,0.711531,0.000000, orientation, 1.000000,0.000000,0.000000,-0.000000, input, 0,0,0,0,0, replaying, 0
128, position, -0.000000,0.707726,0.000000, orientation, 1.000000,0.000000,0.000000,-0.000000, input, 0,0,0,0,0, replaying, 0
129, position, -0.000000,0.702941,0.000000, orientation, 1.000000,0.000000,0.000000,-0.000000, input, 0,0,0,0,0, replaying, 0
130, position, -0.000000,0.697177,0.000000, orientation, 1.000000,0.000000,0.000000,-0.000000, input, 0,0,0,0,0, replaying, 0
131, position, -0.000000,0.690432,0.000000, orientation, 1.000000,0.000000,0.000000,-0.000000, input, 0,0,0,0,0, replaying, 0
132, position, -0.000000,0.682707,0.000000, orientation, 1.000000,0.000000,0.000000,-0.000000, input, 0,0,0,0,0, replaying, 0
133, position, -0.000000,0.674003,0.000000, orientation, 1.000000,0.000000,0.000000,-0.000000, input, 0,0,0,0,0, replaying, 0
134, position, -0.000000,0.664319,0.000000, orientation, 1.000000,0.000000,0.000000,-0.000000, input, 0,0,0,0,0, replaying, 0
135, position, -0.000000,0.653655,0.000000, orientation, 1.000000,0.000000,0.000000,-0.000000, input, 0,0,0,0,0, replaying, 0
136, position, -0.000000,0.642010,0.000000, orientation, 1.000000,0.000000,0.000000,-0.000000, input, 0,0,0,0,0, replaying, 0
137, position, -0.000000,0.629386,0.000000, orientation, 1.000000,0.000000,0.000000,-0.000000, input, 0,0,0,0,0, replaying, 0
138, position, -0.000000,0.615782,0.000000, orientation, 1.000000,0.000000,0.000000,-0.000000, input, 0,0,0,0,0, replaying, 0
139, position, -0.000000,0.601199,0.000000, orientation, 1.000000,0.000000,0.000000,-0.000000, input, 0,0,0,0,0, replaying, 0
140, position, -0.000000,0.585635,0.000000, orientation, 1.000000,0.000000,0.000000,-0.000000, input, 0,0,0,0,0, replaying, 0
141, position, -0.000000,0.569092,0.000000, orientation, 1.000000,0.000000,0.000000,-0.000000, input, 0,0,0,0,0, replaying, 0
142, position, -0.000000,0.551569,0.000000, orientation, 1.000000,0.000000,0.000000,-0.000000, input, 0,0,0,0,0, replaying, 0
143, position, -0.000000,0.533065,0.000000, orientation, 1.000000,0.000000,0.000000,-0.000000, input, 0,0,0,0,0, replaying, 0
144, position, -0.000000,0.513583,0.000000, orientation, 1.000000,0.000000,0.000000,-0.000000, input, 0,0,0,0,0, replaying, 0
145, position, -0.000000,0.493120,0.000000, orientation, 1.000000,0.000000,0.000000,-0.000000, input, 0,0,0,0,0, replaying, 0
146, position, -0.000000,0.476862,0.000000, orientation, 1.000000,0.000000,0.000000,-0.000000, input, 0,0,0,0,0, replaying, 0
147, position, -0.000000,0.465968,0.000000, orientation, 1.000000,0.000000,0.000000,-0.000000, input, 0,0,0,0,0, replaying, 0
148, position, -0.000000,0.459026,0.000000, orientation, 1.000000,0.000000,0.000000,-0.000000, input, 0,0,0,0,0, replaying, 0
149, position, -0.000000,0.454949,0.000000, orientation, 1.000000,0.000000,0.000000,-0.000000, input, 0,0,0,0,0, replaying, 0
150, position, -0.000000,0.452914,0.000000, orientation, 1.000000,0.000000,0.000000,-0.000000, input, 0,0,0,0,0, replaying, 0
151, position, -0.000000,0.452301,0.000000, orientation, 1.000000,0.000000,0.000000,-0.000000, input, 0,0,0,0,0, replaying, 0
152, position, -0.000000,0.452701,-0.000000, orientation, 1.000000,0.000000,0.000000,-0.000000, input, 0,0,0,0,1, replaying, 0
153, position, -0.000000,0.458860,-0.000000, orientation, 1.000000,0.000000,0.000000,-0.000000, input, 0,0,0,0,1, replaying, 0
154, position, -0.000000,0.475002,-0.000000, orientation, 1.000000,0.000000,0.000000,-0.000000, input, 0,0,0,0,0, replaying, 0
155, position, -0.000000,0.495615,-0.000000, orientation, 1.000000,0.000000,0.000000,-0.000000, input, 0,0,0,0,0, replaying, 0
156, position, -0.000000,0.515475,-0.000000, orientation, 1.000000,-0.000000,0.000000,0.000000, input, 0,0,0,0,0, replaying, 0
157, position, -0.000000,0.534356,-0.000000, orientation, 1.000000,-0.000000,0.000000,0.000000, input, 0,0,0,0,0, replaying, 0
158, position, -0.000000,0.552256,-0.000000, orientation, 1.000000,-0.000000,0.000000,0.000000, input, 0,0,0,0,0, replaying, 0
159, position, -0.000000,0.569175,-0.000000, orientation, 1.000000,-0.000000,0.000000,0.000000, input, 0,0,0,0,0, replaying, 0
160, position, -0.000000,0.585115,-0.000000, orientation, 1.000000,-0.000000,0.000000,0.000000, input, 0,0,0,0,0, replaying, 0
161, position, -0.000000,0.600074,-0.000000, orientation, 1.000000,-0.000000,0.000000,0.000000, input, 0,0,0,0,0, replaying, 0
162, position, -0.000000,0.614054,-0.000000, orientation, 1.000000,-0.000000,0.000000,0.000000, input, 0,0,0,0,0, replaying, 0
163, position, -0.000000,0.627053,-0.000000, orientation, 1.000000,-0.000000,0.000000,0.000000, input, 0,0,0,0,0, replaying, 0
164, position, -0.000000,0.639072,-0.000000, orientation, 1.000000,-0.000000,0.000000,0.000000, input, 0,0,0,0,0, replaying, 0
165, position, -0.000000,0.650111,-0.000000, orientation, 1.000000,-0.000000,0.000000,0.000000, input, 0,0,0,0,0, replaying, 0
166, position, -0.000000,0.660170,-0.000000, orientation, 1.000000,-0.000000,0.000000,0.000000, input, 0,0,0,0,0, replaying, 0
167, position, -0.000000,0.669248,-0.000000, orientation, 1.000000,-0.000000,0.000000,0.000000, input, 0,0,0,0,0, replaying, 0
168, position, -0.000000,0.677347,-0.000000, orientation, 1.000000,-0.000000,0.000000,0.000000, input, 0,0,0,0,0, replaying, 0
169, position, -0.000000,0.684466,-0.000000, orientation, 1.000000,-0.000000,0.000000,0.000000, input, 0,0,0,0,0, replaying, 0
170, position, -0.000000,0.690604,-0.000000, orientation, 1.000000,-0.000000,0.000000,0.000000, input, 0,0,0,0,0, replaying, 0
171, position, -0.000000,0.695763,-0.000000, orientation, 1.000000,-0.000000,0.000000,0.000000, input, 0,0,0,0,0, replaying, 0
172, position, -0.000000,0.699941,-0.000000, orientation, 1.000000,-0.000000,0.000000,0.000000, input, 0,0,0,0,0, replaying, 0
173, position, -0.000000,0.703139,-0.000000, orientation, 1.000000,-0.000000,0.000000,0.000000, input, 0,0,0,0,0, replaying, 0
174, position, -0.000000,0.705358,-0.000000, orientation, 1.000000,-0.000000,0.000000,0.000000, input, 0,0,0,0,0, replaying, 0
175, position, -0.000000,0.706596,-0.000000, orientation, 1.000000,-0.000000,0.000000,0.000000, input, 0,0,0,0,0, replaying, 0
176, position, -0.000000,0.706854,-0.000000, orientation, 1.000000,-0.000000,0.000000,0.000000, input, 0,0,0,0,0, replaying, 0
177, position, -0.000000,0.706133,-0.000000, orientation, 1.000000,-0.000000,0.000000,0.000000, input, 0,0,0,0,0, replaying, 0
178, position, -0.000000,0.704431,-0.000000, orientation, 1.000000,-0.000000,0.000000,0.000000, input, 0,0,0,0,0, replaying, 0
179, position, -0.000000,0.701750,-0.000000, orientation, 1.000000,-0.000000,0.000000,0.000000, input, 0,0,0,0,0, replaying, 0
180, position, -0.000000,0.698088,-0.000000, orientation, 1.000000,-0.000000,0.000000,0.000000, input, 0,0,0,0,0, replaying, 0
181, position, -0.000000,0.693446,-0.000000, orientation, 1.000000,-0.000000,0.000000,0.000000, input, 0,0,0,0,0, replaying, 0
182, position, -0.000000,0.687825,-0.000000, orientation, 1.000000,-0.000000,0.000000,0.000000, input, 0,0,0,0,0, replaying, 0
183, position, -0.000000,0.681223,-0.000000, orientation, 1.000000,-0.000000,0.000000,0.000000, input, 0,0,0,0,0, replaying, 0
184, position, -0.000000,0.673642,-0.000000, orientation, 1.000000,-0.000000,0.000000,0.000000, input, 0,0,0,0,0, replaying, 0
185, position, -0.000000,0.665081,-0.000000, orientation, 1.000000,-0.000000,0.000000,0.000000, input, 0,0,0,0,0, replaying, 0
186, position, -0.000000,0.655539,-0.000000, orientation, 1.000000,-0.000000,0.000000,0.000000, input, 0,0,0,0,0, replaying, 0
187, position, -0.000000,0.645018,-0.000000, orientation, 1.000000,-0.000000,0.000000,0.000000, input, 0,0,0,0,0, replaying, 0
188, position, -0.000000,0.633517,-0.000000, orientation, 1.000000,-0.000000,0.000000,0.000000, input, 0,0,0,0,0, replaying, 0
189, position, -0.000000,0.621036,-0.000000, orientation, 1.000000,-0.000000,0.000000,0.000000, input, 0,0,0,0,0, replaying, 0
190, position, -0.000000,0.607576,-0.000000, orientation, 1.000000,-0.000000,0.000000,0.000000, input, 0,0,0,0,0, replaying, 0
191, position, -0.000000,0.593135,-0.000000, orientation, 1.000000,-0.000000,0.000000,0.000000, input, 0,0,0,0,0, replaying, 0
192, position, -0.000000,0.577715,-0.000000, orientation, 1.000000,-0.000000,0.000000,0.000000, input, 0,0,0,0,0, replaying, 0
193, position, -0.000000,0.561314,-0.000000, orientation, 1.000000,-0.000000,0.000000,0.000000, input, 0,0,0,0,0, replaying, 0
194, position, -0.000000,0.543934,-0.000000, orientation, 1.000000,-0.000000,0.000000,0.000000, input, 0,0,0,0,0, replaying, 0
195, position, -0.000000,0.525574,-0.000000, orientation, 1.000000,-0.000000,0.000000,0.000000, input, 0,0,0,0,0, replaying, 0
196, position, -0.000000,0.506234,-0.000000, orientation, 1.000000,-0.000000,0.000000,0.000000, input, 0,0,0,0,0, replaying, 0
197, position, -0.000000,0.488403,-0.000000, orientation, 1.000000,-0.000000,0.000000,0.000000, input, 0,0,0,0,0, replaying, 0
198, position, -0.000000,0.476065,-0.000000, orientation, 1.000000,-0.000000,0.000000,0.000000, input, 0,0,0,0,0, replaying, 0
199, position, -0.000000,0.467814,-0.000000, orientation, 1.000000,-0.000000,0.000000,0.000000, input, 0,0,0,0,0, replaying, 0
200, position, -0.000000,0.462570,-0.000000, orientation, 1.000000,-0.000000,0.000000,0.000000, input, 0,0,0,0,0, replaying, 0
201, position, -0.000000,0.459504,-0.000000, orientation, 1.000000,-0.000000,0.000000,0.000000, input, 0,0,0,0,0, replaying, 0
202, position, -0.000000,0.457989,-0.000000, orientation, 1.000000,-0.000000,0.000000,0.000000, input, 0,0,0,0,0, replaying, 0
203, position, -0.000000,0.457555,-0.000000, orientation, 1.000000,-0.000000,0.000000,0.000000, input, 0,0,0,0,0, replaying, 0
204, position, -0.000000,0.457895,-0.000000, orientation, 1.000000,-0.000000,0.000000,0.000000, input, 0,0,0,0,1, replaying, 0
205, position, -0.000000,0.463796,-0.000000, orientation, 1.000000,-0.000000,0.000000,0.000000, input, 0,0,0,0,0, replaying, 0
206, position, -0.000000,0.474893,-0.000000, orientation, 1.000000,-0.000000,0.000000,0.000000, input, 0,0,0,0,0, replaying, 0
207, position, -0.000000,0.485958,-0.000000, orientation, 1.000000,-0.000000,0.000000,0.000000, input, 0,0,0,0,0, replaying, 0
208, position, -0.000000,0.496575,-0.000000, orientation, 1.000000,-0.000000,0.000000,0.000000, input, 0,0,0,0,0, replaying, 0
209, position, -0.000000,0.506365,-0.000000, orientation, 1.000000,-0.000000,0.000000,-0.000000, input, 0,0,0,0,0, replaying, 0
210, position, -0.000000,0.515175,-0.000000, orientation, 1.000000,0.000000,0.000000,-0.000000, input, 0,0,0,0,0, replaying, 0
211, position, -0.000000,0.523004,-0.000000, orientation, 1.000000,0.000000,0.000000,-0.000000, input, 0,0,0,0,0, replaying, 0
212, position, -0.000000,0.529854,-0.000000, orientation, 1.000000,0.000000,0.000000,-0.000000, input, 0,0,0,0,0, replaying, 0
213, position, -0.000000,0.535724,-0.000000, orientation, 1.000000,0.000000,0.000000,-0.000000, input, 0,0,0,0,0, replaying, 0
214, position, -0.000000,0.540613,0.000000, orientation, 1.000000,0.000000,0.000000,-0.000000, input, 0,0,0,0,0, replaying, 0
215, position, -0.000000,0.544522,0.000000, orientation, 1.000000,0.000000,0.000000,-0.000000, input, 0,0,0,0,0, replaying, 0
216, position, -0.000000,0.547452,0.000000, orientation, 1.000000,0.000000,0.000000,-0.000000, input, 0,0,0,0,0, replaying, 0
217, position, -0.000000,0.549401,0.000000, orientation, 1.000000,0.000000,0.000000,-0.000000, input, 0,0,0,0,0, replaying, 0
218, position, -0.000000,0.550371,0.000000, orientation, 1.000000,0.000000,0.000000,-0.000000, input, 0,0,0,0,0, replaying, 0
219, position, -0.000000,0.550360,0.000000, orientation, 1.000000,0.000000,0.000000,-0.000000, input, 0,0,0,0,0, replaying, 0
220, position, 0.000000,0.549369,0.000000, orientation, 1.000000,0.000000,0.000000,-0.000000, input, 0,0,0,0,0, replaying, 0
221, position, 0.000000,0.547399,0.000000, orientation, 1.000000,0.000000,0.000000,-0.000000, input, 0,0,0,0,0, replaying, 0
222, position, 0.000000,0.544448,0.000000, orientation, 1.000000,0.000000,0.000000,-0.000000, input, 0,0,0,0,0, replaying, 0
223, position, 0.000000,0.540517,0.000000, orientation, 1.000000,0.000000,0.000000,-0.000000, input, 0,0,0,0,0, replaying, 0
224, position, 0.000000,0.535607,0.000000, orientation, 1.000000,0.000000,0.000000,-0.000000, input, 0,0,0,0,0, replaying, 0
225, position, 0.000000,0.529716,0.000000, orientation, 1.000000,0.000000,0.000000,-0.000000, input, 0,0,0,0,0, replaying, 0
226, position, 0.000000,0.522846,0.000000, orientation, 1.000000,0.000000,0.000000,-0.000000, input, 0,0,0,0,0, replaying, 0
227, position, 0.000000,0.514996,0.000000, orientation, 1.000000,0.000000,0.000000,-0.000000, input, 0,0,0,0,0, replaying, 0
228, position, 0.000000,0.506165,0.000000, orientation, 1.000000,0.000000,0.000000,-0.000000, input, 0,0,0,0,0, replaying, 0
229, position, 0.000000,0.496355,0.000000, orientation, 1.000000,0.000000,0.000000,-0.000000, input, 0,0,0,0,0, replaying, 0
230, position, 0.000000,0.488145,0.000000, orientation, 1.000000,0.000000,0.000000,-0.000000, input, 0,0,0,0,0, replaying, 0
231, position, 0.000000,0.482240,0.000000, orientation, 1.000000,0.000000,0.000000,-0.000000, input, 0,0,0,0,0, replaying, 0
232, position, 0.000000,0.478074,0.000000, orientation, 1.000000,0.000000,0.000000,-0.000000, input, 0,0,0,0,0, replaying, 0
233, position, 0.000000,0.475209,0.000000, orientation, 1.000000,0.000000,0.000000,-0.000000, input, 0,0,0,0,0, replaying, 0
234, position, 0.000000,0.473308,0.000000, orientation, 1.000000,0.000000,0.000000,-0.000000, input, 0,0,0,0,0, replaying, 0
235, position, 0.000000,0.472112,0.000000, orientation, 1.000000,0.000000,0.000000,-0.000000, input, 0,0,0,0,0, replaying, 0
236, position, 0.000000,0.471426,0.000000, orientation, 1.000000,0.000000,0.000000,-0.000000, input, 0,0,0,0,0, replaying, 0
237, position, 0.000000,0.471102,0.000000, orientation, 1.000000,0.000000,0.000000,-0.000000, input, 0,0,0,0,0, replaying, 0
238, position, 0.000000,0.471030,0.000000, orientation, 1.000000,0.000000,0.000000,-0.000000, input, 0,0,0,0,0, replaying, 0
239, position, 0.000000,0.471146,0.000000, orientation, 1.000000,0.000000,0.000000,-0.000000, input, 0,0,0,0,0, replaying, 0
240, position, 0.000000,0.471434,0.000000, orientation, 1.000000,0.000000,0.000000,-0.000000, input, 0,0,0,0,0, replaying, 0
241, position, 0.000000,0.471882,0.000000, orientation, 1.000000,0.000000,0.000000,-0.000000, input, 0,0,0,0,0, replaying, 0
242, position, 0.000000,0.472471,0.000000, orientation, 1.000000,0.000000,0.000000,-0.000000, input, 0,0,0,0,0, replaying, 0
243, position, 0.000000,0.473178,0.000000, orientation, 1.000000,0.000000,0.000000,-0.000000, input, 0,0,0,0,0, replaying, 0
244, position, -0.000000,0.473973,0.000000, orientation, 1.000000,0.000000,0.000000,0.000000, input, 0,0,0,0,0, replaying, 0
245, position, -0.000000,0.474824,0.000000, orientation, 1.000000,-0.000000,0.000000,0.000000, input, 0,0,0,0,0, replaying, 0
246, position, -0.000000,0.475699,0.000000, orientation, 1.000000,-0.000000,0.000000,0.000000, input, 0,0,0,0,0, replaying, 0
247, position, -0.000000,0.476561,-0.000000, orientation, 1.000000,-0.000000,0.000000,0.000000, input, 0,0,0,0,0, replaying, 0
248, position, -0.000000,0.477377,-0.000000, orientation, 1.000000,-0.000000,0.000000,0.000000, input, 0,0,0,0,0, replaying, 0
249, position, -0.000000,0.478114,-0.000000, orientation, 1.000000,-0.000000,0.000000,0.000000, input, 0,0,0,0,0, replaying, 0
250, position, -0.000000,0.478745,-0.000000, orientation, 1.000000,-0.000000,0.000000,0.000000, input, 0,0,0,0,0, replaying, 0
251, position, -0.000000,0.479243,-0.000000, orientation, 1.000000,-0.000000,0.000000,0.000000, input, 0,0,0,0,0, replaying, 0
252, position, -0.000000,0.479591,-0.000000, orientation, 1.000000,-0.000000,0.000000,0.000000, input, 0,0,0,0,0, replaying, 0
253, position, -0.000000,0.479774,-0.000000, orientation, 1.000000,-0.000000,0.000000,0.000000, input, 0,0,0,0,0, replaying, 0
254, position, -0.000000,0.479787,-0.000000, orientation, 1.000000,-0.000000,0.000000,0.000000, input, 0,0,0,0,1, replaying, 0
255, position, -0.000000,0.484536,-0.000000, orientation, 1.000000,-0.000000,0.000000,0.000000, input, 0,0,0,0,0, replaying, 0
256, position, -0.000000,0.493728,-0.000000, orientation, 1.000000,-0.000000,0.000000,0.000000, input, 0,0,0,0,0, replaying, 0
257, position, -0.000000,0.502182,-0.000000, orientation, 1.000000,-0.000000,0.000000,0.000000, input, 0,0,0,0,0, replaying, 0
258, position, -0.000000,0.509681,-0.000000, orientation, 1.000000,-0.000000,0.000000,0.000000, input, 0,0,0,0,0, replaying, 0
259, position, -0.000000,0.516199,-0.000000, orientation, 1.000000,-0.000000,0.000000,0.000000, input, 0,0,0,0,0, replaying, 0
260, position, -0.000000,0.521738,-0.000000, orientation, 1.000000,-0.000000,0.000000,0.000000, input, 0,0,0,0,0, replaying, 0
261, position, -0.000000,0.526296,-0.000000, orientation, 1.000000,-0.000000,0.000000,0.000000, input, 0,0,0,0,0, replaying, 0
262, position, -0.000000,0.529874,-0.000000, orientation, 1.000000,-0.000000,0.000000,-0.000000, input, 0,0,0,0,0, replaying, 0
263, position, -0.000000,0.532473,-0.000000, orientation, 1.000000,-0.000000,0.000000,-0.000000, input, 0,0,0,0,0, replaying, 0
264, position, -0.000000,0.534091,-0.000000, orientation, 1.000000,0.000000,0.000000,-0.000000, input, 0,0,0,0,0, replaying, 0
265, position, -0.000000,0.534729,-0.000000, orientation, 1.000000,0.000000,0.000000,-0.000000, input, 0,0,0,0,0, replaying, 0
266, position, -0.000000,0.534387,-0.000000, orientation, 1.000000,0.000000,0.000000,-0.000000, input, 0,0,0,0,0, replaying, 0
267, position, -0.000000,0.533066,-0.000000, orientation, 1.000000,0.000000,0.000000,-0.000000, input, 0,0,0,0,0, replaying, 0
268, position, -0.000000,0.530764,-0.000000, orientation, 1.000000,0.000000,0.000000,-0.000000, input, 0,0,0,0,0, replaying, 0
269, position, -0.000000,0.527482,-0.000000, orientation, 1.000000,0.000000,0.000000,-0.000000, input, 0,0,0,0,0, replaying, 0
270, position, -0.000000,0.523221,-0.000000, orientation, 1.000000,0.000000,0.000000,-0.000000, input, 0,0,0,0,0, replaying, 0
271, position, -0.000000,0.517979,-0.000000, orientation, 1.000000,0.000000,0.000000,-0.000000, input, 0,0,0,0,0, replaying, 0
272, position, -0.000000,0.511758,-0.000000, orientation, 1.000000,0.000000,0.000000,-0.000000, input, 0,0,0,0,0, replaying, 0
273, position, -0.000000,0.504556,-0.000000, orientation, 1.000000,0.000000,0.000000,-0.000000, input, 0,0,0,0,0, replaying, 0
274, position, -0.000000,0.496375,-0.000000, orientation, 1.000000,0.000000,0.000000,-0.000000, input, 0,0,0,0,0, replaying, 0
275, position, -0.000000,0.489408,-0.000000, orientation, 1.000000,0.000000,0.000000,-0.000000, input, 0,0,0,0,0, replaying, 0
276, position, -0.000000,0.484291,-0.000000, orientation, 1.000000,0.000000,0.000000,-0.000000, input, 0,0,0,0,0, replaying, 0
277, position, -0.000000,0.480583,-0.000000, orientation, 1.000000,0.000000,0.000000,-0.000000, input, 0,0,0,0,0, replaying, 0
278, position, -0.000000,0.477940,-0.000000, orientation, 1.000000,0.000000,0.000000,-0.000000, input, 0,0,0,0,0, replaying, 0
279, position, -0.000000,0.476096,-0.000000, orientation, 1.000000,0.000000,0.000000,-0.000000, input, 0,0,0,0,0, replaying, 0
280, position, -0.000000,0.474847,-0.000000, orientation, 1.000000,0.000000,0.000000,-0.000000, input, 0,0,0,0,0, replaying, 0
281, position, -0.000000,0.474035,-0.000000, orientation, 1.000000,0.000000,0.000000,-0.000000, input, 0,0,0,0,0, replaying, 0
282, position, -0.000000,0.473542,-0.000000, orientation, 1.000000,0.000000,0.000000,-0.000000, input, 0,0,0,0,0, replaying, 0
283, position, -0.000000,0.473277,-0.000000, orientation, 1.000000,0.000000,0.000000,-0.000000, input, 0,0,0,0,0, replaying, 0
284, position, -0.000000,0.473173,-0.000000, orientation, 1.000000,0.000000,0.000000,-0.000000, input, 0,0,0,0,0, replaying, 0
285, position, -0.000000,0.473181,-0.000000, orientation, 1.000000,0.000000,0.000000,-0.000000, input, 0,0,0,0,0, replaying, 0
286, position, -0.000000,0.473282,-0.000000, orientation, 1.000000,0.000000,0.000000,-0.000000, input, 0,0,0,0,0, replaying, 0
287, position, -0.000000,0.473470,-0.000000, orientation, 1.000000,0.000000,0.000000,-0.000000, input, 0,0,0,0,0, replaying, 0
288, position, -0.000000,0.473737,-0.000000, orientation, 1.000000,0.000000,0.000000,-0.000000, input, 0,0,0,0,0, replaying, 0
289, position, -0.000000,0.474074,-0.000000, orientation, 1.000000,0.000000,0.000000,-0.000000, input, 0,0,0,0,0, replaying, 0
290, position, -0.000000,0.474465,-0.000000, orientation, 1.000000,-0.000000,0.000000,0.000000, input, 0,0,0,0,0, replaying, 0
291, position, -0.000000,0.474896,-0.000000, orientation, 1.000000,-0.000000,0.000000,0.000000, input, 0,0,0,0,0, replaying, 0
292, position, -0.000000,0.475348,-0.000000, orientation, 1.000000,-0.000000,0.000000,0.000000, input, 0,0,0,0,0, replaying, 0
293, position, -0.000000,0.475805,-0.000000, orientation, 1.000000,-0.000000,0.000000,0.000000, input, 0,0,0,0,0, replaying, 0
294, position, -0.000000,0.476246,-0.000000, orientation, 1.000000,-0.000000,0.000000,0.000000, input, 0,0,0,0,0, replaying, 0
295, position, -0.000000,0.476657,-0.000000, orientation, 1.000000,-0.000000,0.000000,0.000000, input, 0,0,0,0,0, replaying, 0
296, position, -0.000000,0.477019,-0.000000, orientation, 1.000000,-0.000000,0.000000,0.000000, input, 0,0,0,0,0, replaying, 0
297, position, -0.000000,0.477319,-0.000000, orientation, 1.000000,-0.000000,0.000000,0.000000, input, 0,0,0,0,0, replaying, 0
298, position, -0.000000,0.477545,-0.000000, orientation, 1.000000,-0.000000,0.000000,0.000000, input, 0,0,0,0,0, replaying, 0
299, position, -0.000000,0.477689,-0.000000, orientation, 1.000000,-0.000000,0.000000,0.000000, input, 0,0,0,0,0, replaying, 0
300, position, -0.000000,0.477746,-0.000000, orientation, 1.000000,-0.000000,0.000000,0.000000, input, 0,0,0,0,0, replaying, 0
301, position, -0.000000,0.477716,-0.000000, orientation, 1.000000,-0.000000,0.000000,0.000000, input, 0,0,0,0,0, replaying, 0
302, position, -0.000000,0.477624,-0.000000, orientation, 1.000000,-0.000000,0.000000,0.000000, input, 0,0,0,0,0, replaying, 0
303, position, -0.000000,0.477493,-0.000000, orientation, 1.000000,-0.000000,0.000000,0.000000, input, 0,0,0,0,0, replaying, 0
304, position, -0.000000,0.477340,-0.000000, orientation, 1.000000,-0.000000,0.000000,0.000000, input, 0,0,0,0,0, replaying, 0
305, position, -0.000000,0.477178,-0.000000, orientation, 1.000000,-0.000000,0.000000,0.000000, input, 0,0,0,0,1, replaying, 0
306, position, -0.000000,0.481891,-0.000000, orientation, 1.000000,-0.000000,0.000000,0.000000, input, 0,0,0,0,1, replaying, 0
307, position, -0.000000,0.495818,-0.000000, orientation, 1.000000,-0.000000,0.000000,0.000000, input, 0,0,0,0,0, replaying, 0
308, position, -0.000000,0.513583,-0.000000, orientation, 1.000000,-0.000000,0.000000,0.000000, input, 0,0,0,0,0, replaying, 0
309, position, -0.000000,0.530368,-0.000000, orientation, 1.000000,-0.000000,0.000000,0.000000, input, 0,0,0,0,0, replaying, 0
310, position, -0.000000,0.546173,-0.000000, orientation, 1.000000,-0.000000,0.000000,0.000000, input, 0,0,0,0,0, replaying, 0
311, position, -0.000000,0.560998,-0.000000, orientation, 1.000000,-0.000000,0.000000,0.000000, input, 0,0,0,0,0, replaying, 0
312, position, -0.000000,0.574842,-0.000000, orientation, 1.000000,-0.000000,0.000000,0.000000, input, 0,0,0,0,0, replaying, 0
313, position, -0.000000,0.587706,-0.000000, orientation, 1.000000,-0.000000,0.000000,0.000000, input, 0,0,0,0,0, replaying, 0
314, position, -0.000000,0.599591,-0.000000, orientation, 1.000000,-0.000000,0.000000,0.000000, input, 0,0,0,0,0, replaying, 0
315, position, -0.000000,0.610495,-0.000000, orientation, 1.000000,0.000000,0.000000,-0.000000, input, 0,0,0,0,0, replaying, 0
316, position, -0.000000,0.620419,-0.000000, orientation, 1.000000,0.000000,0.000000,-0.000000, input, 0,0,0,0,0, replaying, 0
317, position, -0.000000,0.629363,-0.000000, orientation, 1.000000,0.000000,0.000000,-0.000000, input, 0,0,0,0,0, replaying, 0
318, position, -0.000000,0.637326,-0.000000, orientation, 1.000000,0.000000,0.000000,-0.000000, input, 0,0,0,0,0, replaying, 0
319, position, -0.000000,0.644310,-0.000000, orientation, 1.000000,0.000000,0.000000,-0.000000, input, 0,0,0,0,0, replaying, 0
320, position, -0.000000,0.650314,-0.000000, orientation, 1.000000,0.000000,0.000000,-0.000000, input, 0,0,0,0,0, replaying, 0
321, position, -0.000000,0.655338,-0.000000, orientation, 1.000000,0.000000,0.000000,-0.000000, input, 0,0,0,0,0, replaying, 0
322, position, -0.000000,0.659381,-0.000000, orientation, 1.000000,0.000000,0.000000,-0.000000, input, 0,0,0,0,0, replaying, 0
323, position, -0.000000,0.662445,-0.000000, orientation, 1.000000,0.000000,0.000000,-0.000000, input, 0,0,0,0,0, replaying, 0
324, position, -0.000000,0.664528,-0.000000, orientation, 1.000000,0.000000,0.000000,-0.000000, input, 0,0,0,0,0, replaying, 0
325, position, -0.000000,0.665632,-0.000000, orientation, 1.000000,0.000000,0.000000,-0.000000, input, 0,0,0,0,0, replaying, 0
326, position, -0.000000,0.665755,-0.000000, orientation, 1.000000,0.000000,0.000000,-0.000000, input, 0,0,0,0,0, replaying, 0
327, position, -0.000000,0.664899,-0.000000, orientation, 1.000000,0.000000,0.000000,-0.000000, input, 0,0,0,0,0, replaying, 0
328, position, -0.000000,0.663062,-0.000000, orientation, 1.000000,0.000000,0.000000,-0.000000, input, 0,0,0,0,0, replaying, 0
329, position, -0.000000,0.660246,-0.000000, orientation, 1.000000,0.000000,0.000000,-0.000000, input, 0,0,0,0,0, replaying, 0
330, position, -0.000000,0.656449,-0.000000, orientation, 1.000000,0.000000,0.000000,-0.000000, input, 0,0,0,0,0, replaying, 0
331, position, -0.000000,0.651673,-0.000000, orientation, 1.000000,0.000000,0.000000,-0.000000, input, 0,0,0,0,0, replaying, 0
332, position, -0.000000,0.645917,-0.000000, orientation, 1.000000,0.000000,0.000000,-0.000000, input, 0,0,0,0,0, replaying, 0
333, position, -0.000000,0.639180,-0.000000, orientation, 1.000000,0.000000,0.000000,-0.000000, input, 0,0,0,0,0, replaying, 0
334, position, -0.000000,0.631464,-0.000000, orientation, 1.000000,0.000000,0.000000,-0.000000, input, 0,0,0,0,0, replaying, 0
335, position, -0.000000,0.622768,-0.000000, orientation, 1.000000,0.000000,0.000000,-0.000000, input, 0,0,0,0,0, replaying, 0
336, position, -0.000000,0.613092,-0.000000, orientation, 1.000000,0.000000,0.000000,-0.000000, input, 0,0,0,0,0, replaying, 0
337, position, -0.000000,0.602436,-0.000000, orientation, 1.000000,0.000000,0.000000,-0.000000, input, 0,0,0,0,0, replaying, 0
338, position, -0.000000,0.590800,-0.000000, orientation, 1.000000,0.000000,0.000000,-0.000000, input, 0,0,0,0,0, replaying, 0
339, position, -0.000000,0.578185,-0.000000, orientation, 1.000000,0.000000,0.000000,-0.000000, input, 0,0,0,0,0, replaying, 0
340, position, -0.000000,0.564589,-0.000000, orientation, 1.000000,0.000000,0.000000,-0.000000, input, 0,0,0,0,0, replaying, 0
341, position, -0.000000,0.550014,-0.000000, orientation, 1.000000,0.000000,0.000000,-0.000000, input, 0,0,0,0,0, replaying, 0
342, position, -0.000000,0.534458,-0.000000, orientation, 1.000000,0.000000,0.000000,-0.000000, input, 0,0,0,0,0, replaying, 0
343, position, -0.000000,0.517923,-0.000000, orientation, 1.000000,0.000000,0.000000,-0.000000, input, 0,0,0,0,0, replaying, 0
344, position, -0.000000,0.500408,-0.000000, orientation, 1.000000,0.000000,0.000000,-0.000000, input, 0,0,0,0,0, replaying, 0
345, position, -0.000000,0.484246,-0.000000, orientation, 1.000000,0.000000,0.000000,-0.000000, input, 0,0,0,0,0, replaying, 0
346, position, -0.000000,0.473169,-0.000000, orientation, 1.000000,0.000000,0.000000,-0.000000, input, 0,0,0,0,0, replaying, 0
347, position, -0.000000,0.465859,-0.000000, orientation, 1.000000,0.000000,0.000000,-0.000000, input, 0,0,0,0,0, replaying, 0
348, position, -0.000000,0.461308,-0.000000, orientation, 1.000000,0.000000,0.000000,-0.000000, input, 0,0,0,0,0, replaying, 0
349, position, -0.000000,0.458745,-0.000000, orientation, 1.000000,0.000000,0.000000,-0.000000, input, 0,0,0,0,0, replaying, 0
350, position, -0.000000,0.457590,-0.000000, orientation, 1.000000,0.000000,0.000000,-0.000000, input, 0,0,0,0,0, replaying, 0
351, position, -0.000000,0.457408,-0.000000, orientation, 1.000000,0.000000,0.000000,-0.000000, input, 0,0,0,0,0, replaying, 0
352, position, -0.000000,0.457969,-0.000000, orientation, 1.000000,0.000000,0.000000,-0.000000, input, 0,0,0,0,0, replaying, 0
353, position, -0.000000,0.459221,-0.000000, orientation, 1.000000,0.000000,0.000000,-0.000000, input, 0,0,0,0,0, replaying, 0
354, position, -0.000000,0.461109,-0.000000, orientation, 1.000000,0.000000,0.000000,-0.000000, input, 0,0,0,0,0, replaying, 0
355, position, -0.000000,0.463554,-0.000000, orientation, 1.000000,0.000000,0.000000,-0.000000, input, 0,0,0,0,0, replaying, 0
356, position, -0.000000,0.466456,-0.000000, orientation, 1.000000,0.000000,0.000000,-0.000000, input, 0,0,0,0,0, replaying, 0
357, position, -0.000000,0.469697,-0.000000, orientation, 1.000000,0.000000,0.000000,-0.000000, input, 0,0,0,0,1, replaying, 0
358, position, -0.000000,0.477959,-0.000000, orientation, 1.000000,-0.000000,0.000000,-0.000000, input, 0,0,0,0,1, replaying, 0
359, position, -0.000000,0.495393,-0.000000, orientation, 1.000000,-0.000000,0.000000,0.000000, input, 0,0,0,0,0, replaying, 0
360, position, -0.000000,0.516606,-0.000000, orientation, 1.000000,-0.000000,0.000000,0.000000, input, 0,0,0,0,0, replaying, 0
361, position, -0.000000,0.536839,-0.000000, orientation, 1.000000,-0.000000,0.000000,0.000000, input, 0,0,0,0,0, replaying, 0
362, position, -0.000000,0.556091,-0.000000, orientation, 1.000000,-0.000000,0.000000,0.000000, input, 0,0,0,0,0, replaying, 0
363, position, -0.000000,0.574363,-0.000000, orientation, 1.000000,-0.000000,0.000000,0.000000, input, 0,0,0,0,0, replaying, 0
364, position, -0.000000,0.591655,-0.000000, orientation, 1.000000,-0.000000,0.000000,0.000000, input, 0,0,0,0,0, replaying, 0
365, position, -0.000000,0.607967,-0.000000, orientation, 1.000000,-0.000000,0.000000,0.000000, input, 0,0,0,0,0, replaying, 0
366, position, -0.000000,0.623299,-0.000000, orientation, 1.000000,-0.000000,0.000000,0.000000, input, 0,0,0,0,0, replaying, 0
367, position, -0.000000,0.637650,-0.000000, orientation, 1.000000,-0.000000,0.000000,0.000000, input, 0,0,0,0,0, replaying, 0
368, position, -0.000000,0.651021,-0.000000, orientation, 1.000000,-0.000000,0.000000,0.000000, input, 0,0,0,0,0, replaying, 0
369, position, -0.000000,0.663413,-0.000000, orientation, 1.000000,-0.000000,0.000000,0.000000, input, 0,0,0,0,0, replaying, 0
370, position, -0.000000,0.674824,-0.000000, orientation, 1.000000,-0.000000,0.000000,0.000000, input, 0,0,0,0,0, replaying, 0
371, position, -0.000000,0.685255,-0.000000, orientation, 1.000000,-0.000000,0.000000,0.000000, input, 0,0,0,0,0, replaying, 0
372, position, -0.000000,0.694706,-0.000000, orientation, 1.000000,-0.000000,0.000000,0.000000, input, 0,0,0,0,0, replaying, 0
373, position, -0.000000,0.703177,-0.000000, orientation, 1.000000,-0.000000,0.000000,0.000000, input, 0,0,0,0,0, replaying, 0
374, position, -0.000000,0.710667,-0.000000, orientation, 1.000000,-0.000000,0.000000,0.000000, input, 0,0,0,0,0, replaying, 0
375, position, -0.000000,0.717178,-0.000000, orientation, 1.000000,-0.000000,0.000000,0.000000, input, 0,0,0,0,0, replaying, 0
376, position, -0.000000,0.722709,-0.000000, orientation, 1.000000,-0.000000,0.000000,0.000000, input, 0,0,0,0,0, replaying, 0
377, position, -0.000000,0.727259,-0.000000, orientation, 1.000000,-0.000000,0.000000,0.000000, input, 0,0,0,0,0, replaying, 0
378, position, -0.000000,0.730830,-0.000000, orientation, 1.000000,-0.000000,0.000000,0.000000, input, 0,0,0,0,0, replaying, 0
379, position, -0.000000,0.733420,-0.000000, orientation, 1.000000,-0.000000,0.000000,0.000000, input, 0,0,0,0,0, replaying, 0
380, position, -0.000000,0.735031,-0.000000, orientation, 1.000000,-0.000000,0.000000,0.000000, input, 0,0,0,0,0, replaying, 0
381, position, -0.000000,0.735661,-0.000000, orientation, 1.000000,-0.000000,0.000000,0.000000, input, 0,0,0,0,0, replaying, 0
382, position, -0.000000,0.735311,-0.000000, orientation, 1.000000,-0.000000,0.000000,0.000000, input, 0,0,0,0,0, replaying, 0
383, position, -0.000000,0.733982,-0.000000, orientation, 1.000000,-0.000000,0.000000,0.000000, input, 0,0,0,0,0, replaying, 0
384, position, -0.000000,0.731672,-0.000000, orientation, 1.000000,-0.000000,0.000000,0.000000, input, 0,0,0,0,0, replaying, 0
385, position, -0.000000,0.728383,-0.000000, orientation, 1.000000,-0.000000,0.000000,0.000000, input, 0,0,0,0,0, replaying, 0
386, position, -0.000000,0.724113,-0.000000, orientation, 1.000000,-0.000000,0.000000,0.000000, input, 0,0,0,0,0, replaying, 0
387, position, -0.000000,0.718864,-0.000000, orientation, 1.000000,-0.000000,0.000000,0.000000, input, 0,0,0,0,0, replaying, 0
388, position, -0.000000,0.712635,-0.000000, orientation, 1.000000,-0.000000,0.000000,0.000000, input, 0,0,0,0,0, replaying, 0
389, position, -0.000000,0.705425,-0.000000, orientation, 1.000000,-0.000000,0.000000,0.000000, input, 0,0,0,0,0, replaying, 0
390, position, -0.000000,0.697236,-0.000000, orientation, 1.000000,-0.000000,0.000000,0.000000, input, 0,0,0,0,0, replaying, 0
391, position, -0.000000,0.688067,-0.000000, orientation, 1.000000,-0.000000,0.000000,0.000000, input, 0,0,0,0,0, replaying, 0
392, position, -0.000000,0.677918,-0.000000, orientation, 1.000000,-0.000000,0.000000,0.000000, input, 0,0,0,0,0, replaying, 0
393, position, -0.000000,0.666789,-0.000000, orientation, 1.000000,-0.000000,0.000000,0.000000, input, 0,0,0,0,0, replaying, 0
394, position, -0.000000,0.654680,-0.000000, orientation, 1.000000,-0.000000,0.000000,0.000000, input, 0,0,0,0,0, replaying, 0
395, position, -0.000000,0.641591,-0.000000, orientation, 1.000000,-0.000000,0.000000,0.000000, input, 0,0,0,0,0, replaying, 0
396, position, -0.000000,0.627523,-0.000000, orientation, 1.000000,-0.000000,0.000000,0.000000, input, 0,0,0,0,0, replaying, 0
397, position, -0.000000,0.612474,-0.000000, orientation, 1.000000,-0.000000,0.000000,0.000000, input, 0,0,0,0,0, replaying, 0
398, position, -0.000000,0.596446,-0.000000, orientation, 1.000000,-0.000000,0.000000,0.000000, input, 0,0,0,0,0, replaying, 0
399, position, -0.000000,0.579438,-0.000000, orientation, 1.000000,-0.000000,0.000000,0.000000, input, 0,0,0,0,0, replaying, 0
400, position, -0.000000,0.561450,-0.000000, orientation, 1.000000,-0.000000,-0.000000,0.000000, input, 0,0,0,0,0, replaying, 0
401, position, -0.000000,0.542482,-0.000000, orientation, 1.000000,-0.000000,-0.000000,0.000000, input, 0,0,0,0,0, replaying, 0
402, position, -0.000000,0.522535,-0.000000, orientation, 1.000000,-0.000000,-0.000000,0.000000, input, 0,0,0,0,0, replaying, 0
403, position, -0.000000,0.501608,-0.000000, orientation, 1.000000,-0.000000,-0.000000,0.000000, input, 0,0,0,0,0, replaying, 0
404, position, -0.000000,0.482451,-0.000000, orientation, 1.000000,-0.000000,-0.000000,0.000000, input, 0,0,0,0,0, replaying, 0
405, position, -0.000000,0.469438,-0.000000, orientation, 1.000000,-0.000000,-0.000000,0.000000, input, 0,0,0,0,0, replaying, 0
406, position, -0.000000,0.460965,-0.000000, orientation, 1.000000,-0.000000,-0.000000,0.000000, input, 0,0,0,0,0, replaying, 0
407, position, -0.000000,0.455806,-0.000000, orientation, 1.000000,-0.000000,-0.000000,0.000000, input, 0,0,0,0,1, replaying, 0
408, position, -0.000000,0.453021,-0.000000, orientation, 1.000000,-0.000000,-0.000000,0.000000, input, 0,0,0,0,1, replaying, 0
409, position, -0.000000,0.451908,-0.000000, orientation, 1.000000,-0.000000,-0.000000,0.000000, input, 0,0,0,0,0, replaying, 0
410, position, -0.000000,0.453567,-0.000000, orientation, 1.000000,-0.000000,-0.000000,0.000000, input, 0,0,0,0,0, replaying, 0
411, position, -0.000000,0.456081,-0.000000, orientation, 1.000000,-0.000000,-0.000000,0.000000, input, 0,0,0,0,0, replaying, 0
412, position, -0.000000,0.459344,-0.000000, orientation, 1.000000,-0.000000,-0.000000,0.000000, input, 0,0,0,0,0, replaying, 0
413, position, -0.000000,0.463222,-0.000000, orientation, 1.000000,-0.000000,-0.000000,0.000000, input, 0,0,0,0,0, replaying, 0
414, position, -0.000000,0.467560,-0.000000, orientation, 1.000000,-0.000000,-0.000000,0.000000, input, 0,0,0,0,0, replaying, 0
415, position, -0.000000,0.472185,-0.000000, orientation, 1.000000,-0.000000,-0.000000,0.000000, input, 0,0,0,0,0, replaying, 0
416, position, -0.000000,0.476916,-0.000000, orientation, 1.000000,0.000000,-0.000000,0.000000, input, 0,0,0,0,0, replaying, 0
417, position, -0.000000,0.481569,-0.000000, orientation, 1.000000,0.000000,-0.000000,-0.000000, input, 0,0,0,0,0, replaying, 0
418, position, -0.000000,0.485963,-0.000000, orientation, 1.000000,0.000000,-0.000000,-0.000000, input, 0,0,0,0,0, replaying, 0
419, position, -0.000000,0.489928,-0.000000, orientation, 1.000000,0.000000,-0.000000,-0.000000, input, 0,0,0,0,0, replaying, 0
420, position, -0.000000,0.493311,-0.000000, orientation, 1.000000,0.000000,-0.000000,-0.000000, input, 0,0,0,0,0, replaying, 0
421, position, -0.000000,0.495979,-0.000000, orientation, 1.000000,0.000000,-0.000000,-0.000000, input, 0,0,0,0,0, replaying, 0
422, position, -0.000000,0.497829,-0.000000, orientation, 1.000000,0.000000,-0.000000,-0.000000, input, 0,0,0,0,0, replaying, 0
423, position, -0.000000,0.498788,-0.000000, orientation, 1.000000,0.000000,-0.000000,-0.000000, input, 0,0,0,0,0, replaying, 0
424, position, -0.000000,0.498818,-0.000000, orientation, 1.000000,0.000000,-0.000000,-0.000000, input, 0,0,0,0,0, replaying, 0
425, position, -0.000000,0.498075,-0.000000, orientation, 1.000000,0.000000,-0.000000,-0.000000, input, 0,0,0,0,0, replaying, 0
426, position, -0.000000,0.496836,-0.000000, orientation, 1.000000,0.000000,-0.000000,-0.000000, input, 0,0,0,0,0, replaying, 0
427, position, -0.000000,0.495305,-0.000000, orientation, 1.000000,0.000000,-0.000000,-0.000000, input, 0,0,0,0,0, replaying, 0
428, position, -0.000000,0.493629,-0.000000, orientation, 1.000000,0.000000,-0.000000,-0.000000, input, 0,0,0,0,0, replaying, 0
429, position, -0.000000,0.491912,-0.000000, orientation, 1.000000,0.000000,-0.000000,-0.000000, input, 0,0,0,0,0, replaying, 0
430, position, -0.000000,0.490224,-0.000000, orientation, 1.000000,0.000000,-0.000000,-0.000000, input, 0,0,0,0,0, replaying, 0
431, position, -0.000000,0.488611,-0.000000, orientation, 1.000000,0.000000,-0.000000,-0.000000, input, 0,0,0,0,0, replaying, 0
432, position, -0.000000,0.487102,-0.000000, orientation, 1.000000,0.000000,-0.000000,-0.000000, input, 0,0,0,0,0, replaying, 0
433, position, -0.000000,0.485713,-0.000000, orientation, 1.000000,0.000000,-0.000000,-0.000000, input, 0,0,0,0,0, replaying, 0
434, position, -0.000000,0.484449,-0.000000, orientation, 1.000000,0.000000,-0.000000,-0.000000, input, 0,0,0,0,0, replaying, 0
435, position, -0.000000,0.483311,-0.000000, orientation, 1.000000,0.000000,-0.000000,-0.000000, input, 0,0,0,0,0, replaying, 0
436, position, -0.000000,0.482294,-0.000000, orientation, 1.000000,0.000000,-0.000000,-0.000000, input, 0,0,0,0,0, replaying, 0
437, position, -0.000000,0.481392,-0.000000, orientation, 1.000000,0.000000,-0.000000,-0.000000, input, 0,0,0,0,0, replaying, 0
438, position, -0.000000,0.480596,-0.000000, orientation, 1.000000,0.000000,-0.000000,-0.000000, input, 0,0,0,0,0, replaying, 0
439, position, -0.000000,0.479898,-0.000000, orientation, 1.000000,0.000000,-0.000000,-0.000000, input, 0,0,0,0,0, replaying, 0
440, position, -0.000000,0.479288,-0.000000, orientation, 1.000000,0.000000,-0.000000,-0.000000, input, 0,0,0,0,0, replaying, 0
441, position, -0.000000,0.478756,-0.000000, orientation, 1.000000,0.000000,-0.000000,-0.000000, input, 0,0,0,0,0, replaying, 0
442, position, -0.000000,0.478294,-0.000000, orientation, 1.000000,0.000000,-0.000000,-0.000000, input, 0,0,0,0,0, replaying, 0
443, position, -0.000000,0.477894,-0.000000, orientation, 1.000000,0.000000,-0.000000,-0.000000, input, 0,0,0,0,0, replaying, 0
444, position, -0.000000,0.477549,-0.000000, orientation, 1.000000,0.000000,-0.000000,-0.000000, input, 0,0,0,0,0, replaying, 0
445, position, -0.000000,0.477251,-0.000000, orientation, 1.000000,0.000000,-0.000000,-0.000000, input, 0,0,0,0,0, replaying, 0
446, position, -0.000000,0.476995,-0.000000, orientation, 1.000000,0.000000,-0.000000,-0.000000, input, 0,0,0,0,0, replaying, 0
447, position, -0.000000,0.476776,-0.000000, orientation, 1.000000,0.000000,-0.000000,-0.000000, input, 0,0,0,0,0, replaying, 0
448, position, -0.000000,0.476587,-0.000000, orientation, 1.000000,0.000000,-0.000000,-0.000000, input, 0,0,0,0,0, replaying, 0
449, position, -0.000000,0.476426,-0.000000, orientation, 1.000000,0.000000,-0.000000,-0.000000, input, 0,0,0,0,0, replaying, 0
450, position, -0.000000,0.476288,-0.000000, orientation, 1.000000,0.000000,-0.000000,-0.000000, input, 0,0,0,0,0, replaying, 0
451, position, -0.000000,0.476170,-0.000000, orientation, 1.000000,0.000000,-0.000000,-0.000000, input, 0,0,0,0,0, replaying, 0
452, position, -0.000000,0.476069,-0.000000, orientation, 1.000000,0.000000,-0.000000,-0.000000, input, 0,0,0,0,0, replaying, 0
453, position, -0.000000,0.475983,-0.000000, orientation, 1.000000,0.000000,-0.000000,-0.000000, input, 0,0,0,0,0, replaying, 0
454, position, -0.000000,0.475910,-0.000000, orientation, 1.000000,0.000000,-0.000000,-0.000000, input, 0,0,0,0,0, replaying, 0
455, position, -0.000000,0.475848,-0.000000, orientation, 1.000000,0.000000,-0.000000,-0.000000, input, 0,0,0,0,0, replaying, 0
456, position, -0.000000,0.475795,-0.000000, orientation, 1.000000,0.000000,-0.000000,-0.000000, input, 0,0,0,0,0, replaying, 0
457, position, -0.000000,0.475750,-0.000000, orientation, 1.000000,0.000000,-0.000000,-0.000000, input, 0,0,0,0,0, replaying, 0
458, position, -0.000000,0.475712,-0.000000, orientation, 1.000000,0.000000,-0.000000,-0.000000, input, 0,0,0,0,0, replaying, 0
459, position, -0.000000,0.475680,-0.000000, orientation, 1.000000,0.000000,-0.000000,-0.000000, input, 0,0,0,0,1, replaying, 0
460, position, -0.000000,0.480543,-0.000000, orientation, 1.000000,0.000000,-0.000000,-0.000000, input, 0,0,0,0,0, replaying, 0
461, position, -0.000000,0.489998,-0.000000, orientation, 1.000000,0.000000,-0.000000,-0.000000, input, 0,0,0,0,0, replaying, 0
462, position, -0.000000,0.498856,-0.000000, orientation, 1.000000,0.000000,-0.000000,0.000000, input, 0,0,0,0,0, replaying, 0
463, position, -0.000000,0.506819,-0.000000, orientation, 1.000000,-0.000000,-0.000000,0.000000, input, 0,0,0,0,0, replaying, 0
464, position, -0.000000,0.513802,-0.000000, orientation, 1.000000,-0.000000,-0.000000,0.000000, input, 0,0,0,0,0, replaying, 0
465, position, -0.000000,0.519804,-0.000000, orientation, 1.000000,-0.000000,-0.000000,0.000000, input, 0,0,0,0,0, replaying, 0
466, position, -0.000000,0.524827,-0.000000, orientation, 1.000000,-0.000000,-0.000000,0.000000, input, 0,0,0,0,0, replaying, 0
467, position, -0.000000,0.528869,-0.000000, orientation, 1.000000,-0.000000,-0.000000,0.000000, input, 0,0,0,0,0, replaying, 0
468, position, -0.000000,0.531932,-0.000000, orientation, 1.000000,-0.000000,-0.000000,0.000000, input, 0,0,0,0,0, replaying, 0
469, position, -0.000000,0.534015,-0.000000, orientation, 1.000000,-0.000000,-0.000000,0.000000, input, 0,0,0,0,0, replaying, 0
470, position, -0.000000,0.535117,-0.000000, orientation, 1.000000,-0.000000,-0.000000,0.000000, input, 0,0,0,0,0, replaying, 0
471, position, -0.000000,0.535240,-0.000000, orientation, 1.000000,-0.000000,-0.000000,0.000000, input, 0,0,0,0,0, replaying, 0
472, position, -0.000000,0.534382,-0.000000, orientation, 1.000000,-0.000000,-0.000000,0.000000, input, 0,0,0,0,0, replaying, 0
473, position, -0.000000,0.532544,-0.000000, orientation, 1.000000,-0.000000,-0.000000,0.000000, input, 0,0,0,0,0, replaying, 0
474, position, -0.000000,0.529727,-0.000000, orientation, 1.000000,-0.000000,-0.000000,0.000000, input, 0,0,0,0,0, replaying, 0
475, position, -0.000000,0.525930,-0.000000, orientation, 1.000000,-0.000000,-0.000000,0.000000, input, 0,0,0,0,0, replaying, 0
476, position, -0.000000,0.521152,-0.000000, orientation, 1.000000,-0.000000,-0.000000,0.000000, input, 0,0,0,0,0, replaying, 0
477, position, -0.000000,0.515395,-0.000000, orientation, 1.000000,-0.000000,-0.000000,0.000000, input, 0,0,0,0,0, replaying, 0
478, position, -0.000000,0.508658,-0.000000, orientation, 1.000000,-0.000000,-0.000000,0.000000, input, 0,0,0,0,0, replaying, 0
479, position, -0.000000,0.500940,-0.000000, orientation, 1.000000,-0.000000,-0.000000,0.000000, input, 0,0,0,0,0, replaying, 0
480, position, -0.000000,0.493328,-0.000000, orientation, 1.000000,-0.000000,-0.000000,0.000000, input, 0,0,0,0,0, replaying, 0
481, position, -0.000000,0.487652,-0.000000, orientation, 1.000000,-0.000000,-0.000000,0.000000, input, 0,0,0,0,0, replaying, 0
482, position, -0.000000,0.483457,-0.000000, orientation, 1.000000,-0.000000,-0.000000,0.000000, input, 0,0,0,0,0, replaying, 0
483, position, -0.000000,0.480394,-0.000000, orientation, 1.000000,-0.000000,-0.000000,0.000000, input, 0,0,0,0,0, replaying, 0
484, position, -0.000000,0.478188,-0.000000, orientation, 1.000000,-0.000000,-0.000000,0.000000, input, 0,0,0,0,0, replaying, 0
485, position, -0.000000,0.476627,-0.000000, orientation, 1.000000,-0.000000,-0.000000,0.000000, input, 0,0,0,0,0, replaying, 0
486, position, -0.000000,0.475549,-0.000000, orientation, 1.000000,-0.000000,-0.000000,0.000000, input, 0,0,0,0,0, replaying, 0
487, position, -0.000000,0.474828,-0.000000, orientation, 1.000000,-0.000000,-0.000000,0.000000, input, 0,0,0,0,0, replaying, 0
488, position, -0.000000,0.474369,-0.000000, orientation, 1.000000,-0.000000,-0.000000,0.000000, input, 0,0,0,0,0, replaying, 0
